<?xml version="1.0" encoding="UTF-8"?>
<coverage generated="1754944191143" clover="3.2.0">
  <project timestamp="1754944191143" name="All files">
    <metrics statements="471" coveredstatements="195" conditionals="216" coveredconditionals="112" methods="119" coveredmethods="45" elements="806" coveredelements="352" complexity="0" loc="471" ncloc="471" packages="10" files="32" classes="32"/>
    <package name="__tests__.utils">
      <metrics statements="11" coveredstatements="6" conditionals="2" coveredconditionals="0" methods="6" coveredmethods="0"/>
      <file name="test-utils.jsx" path="C:\Users\jen\Documents\GitHub\reactjam\src\__tests__\utils\test-utils.jsx">
        <metrics statements="11" coveredstatements="6" conditionals="2" coveredconditionals="0" methods="6" coveredmethods="0"/>
        <line num="8" count="1" type="cond" truecount="0" falsecount="1"/>
        <line num="9" count="0" type="stmt"/>
        <line num="10" count="0" type="stmt"/>
        <line num="14" count="0" type="stmt"/>
        <line num="20" count="1" type="stmt"/>
        <line num="60" count="1" type="stmt"/>
        <line num="85" count="1" type="stmt"/>
        <line num="104" count="1" type="cond" truecount="0" falsecount="1"/>
        <line num="109" count="1" type="stmt"/>
        <line num="111" count="0" type="stmt"/>
        <line num="114" count="0" type="stmt"/>
      </file>
    </package>
    <package name="components">
      <metrics statements="88" coveredstatements="6" conditionals="12" coveredconditionals="2" methods="23" coveredmethods="1"/>
      <file name="Actions.jsx" path="C:\Users\jen\Documents\GitHub\reactjam\src\components\Actions.jsx">
        <metrics statements="3" coveredstatements="0" conditionals="0" coveredconditionals="0" methods="1" coveredmethods="0"/>
        <line num="7" count="0" type="stmt"/>
        <line num="16" count="0" type="stmt"/>
        <line num="18" count="0" type="stmt"/>
      </file>
      <file name="DeathRoom.jsx" path="C:\Users\jen\Documents\GitHub\reactjam\src\components\DeathRoom.jsx">
        <metrics statements="14" coveredstatements="0" conditionals="2" coveredconditionals="0" methods="3" coveredmethods="0"/>
        <line num="4" count="0" type="stmt"/>
        <line num="5" count="0" type="stmt"/>
        <line num="6" count="0" type="stmt"/>
        <line num="7" count="0" type="stmt"/>
        <line num="9" count="0" type="stmt"/>
        <line num="10" count="0" type="stmt"/>
        <line num="11" count="0" type="cond" truecount="0" falsecount="2"/>
        <line num="12" count="0" type="stmt"/>
        <line num="13" count="0" type="stmt"/>
        <line num="15" count="0" type="stmt"/>
        <line num="16" count="0" type="stmt"/>
        <line num="19" count="0" type="stmt"/>
        <line num="21" count="0" type="stmt"/>
        <line num="26" count="0" type="stmt"/>
      </file>
      <file name="Description.jsx" path="C:\Users\jen\Documents\GitHub\reactjam\src\components\Description.jsx">
        <metrics statements="3" coveredstatements="0" conditionals="0" coveredconditionals="0" methods="1" coveredmethods="0"/>
        <line num="7" count="0" type="stmt"/>
        <line num="8" count="0" type="stmt"/>
        <line num="10" count="0" type="stmt"/>
      </file>
      <file name="GameProvider.jsx" path="C:\Users\jen\Documents\GitHub\reactjam\src\components\GameProvider.jsx">
        <metrics statements="22" coveredstatements="2" conditionals="2" coveredconditionals="0" methods="4" coveredmethods="0"/>
        <line num="8" count="1" type="stmt"/>
        <line num="10" count="1" type="stmt"/>
        <line num="12" count="0" type="stmt"/>
        <line num="13" count="0" type="cond" truecount="0" falsecount="2"/>
        <line num="14" count="0" type="stmt"/>
        <line num="15" count="0" type="stmt"/>
        <line num="18" count="0" type="stmt"/>
        <line num="19" count="0" type="stmt"/>
        <line num="20" count="0" type="stmt"/>
        <line num="23" count="0" type="stmt"/>
        <line num="24" count="0" type="stmt"/>
        <line num="26" count="0" type="stmt"/>
        <line num="31" count="0" type="stmt"/>
        <line num="34" count="0" type="stmt"/>
        <line num="49" count="0" type="stmt"/>
        <line num="52" count="0" type="stmt"/>
        <line num="53" count="0" type="stmt"/>
        <line num="54" count="0" type="stmt"/>
        <line num="55" count="0" type="stmt"/>
        <line num="58" count="0" type="stmt"/>
        <line num="71" count="0" type="stmt"/>
        <line num="72" count="0" type="stmt"/>
      </file>
      <file name="Interactable.jsx" path="C:\Users\jen\Documents\GitHub\reactjam\src\components\Interactable.jsx">
        <metrics statements="5" coveredstatements="4" conditionals="2" coveredconditionals="2" methods="2" coveredmethods="1"/>
        <line num="8" count="1" type="stmt"/>
        <line num="9" count="2" type="stmt"/>
        <line num="11" count="2" type="stmt"/>
        <line num="20" count="0" type="stmt"/>
        <line num="25" count="1" type="stmt"/>
      </file>
      <file name="MoveGrid.jsx" path="C:\Users\jen\Documents\GitHub\reactjam\src\components\MoveGrid.jsx">
        <metrics statements="4" coveredstatements="0" conditionals="0" coveredconditionals="0" methods="1" coveredmethods="0"/>
        <line num="7" count="0" type="stmt"/>
        <line num="8" count="0" type="stmt"/>
        <line num="9" count="0" type="stmt"/>
        <line num="11" count="0" type="stmt"/>
      </file>
      <file name="RoomSprite.jsx" path="C:\Users\jen\Documents\GitHub\reactjam\src\components\RoomSprite.jsx">
        <metrics statements="11" coveredstatements="0" conditionals="2" coveredconditionals="0" methods="3" coveredmethods="0"/>
        <line num="4" count="0" type="stmt"/>
        <line num="5" count="0" type="stmt"/>
        <line num="6" count="0" type="stmt"/>
        <line num="8" count="0" type="stmt"/>
        <line num="9" count="0" type="cond" truecount="0" falsecount="2"/>
        <line num="10" count="0" type="stmt"/>
        <line num="11" count="0" type="stmt"/>
        <line num="12" count="0" type="stmt"/>
        <line num="16" count="0" type="stmt"/>
        <line num="18" count="0" type="stmt"/>
        <line num="23" count="0" type="stmt"/>
      </file>
      <file name="Sidebar.jsx" path="C:\Users\jen\Documents\GitHub\reactjam\src\components\Sidebar.jsx">
        <metrics statements="2" coveredstatements="0" conditionals="0" coveredconditionals="0" methods="1" coveredmethods="0"/>
        <line num="4" count="0" type="stmt"/>
        <line num="5" count="0" type="stmt"/>
      </file>
      <file name="Tasks.jsx" path="C:\Users\jen\Documents\GitHub\reactjam\src\components\Tasks.jsx">
        <metrics statements="3" coveredstatements="0" conditionals="0" coveredconditionals="0" methods="1" coveredmethods="0"/>
        <line num="7" count="0" type="stmt"/>
        <line num="8" count="0" type="stmt"/>
        <line num="10" count="0" type="stmt"/>
      </file>
      <file name="Viewport.jsx" path="C:\Users\jen\Documents\GitHub\reactjam\src\components\Viewport.jsx">
        <metrics statements="7" coveredstatements="0" conditionals="0" coveredconditionals="0" methods="2" coveredmethods="0"/>
        <line num="10" count="0" type="stmt"/>
        <line num="11" count="0" type="stmt"/>
        <line num="13" count="0" type="stmt"/>
        <line num="14" count="0" type="stmt"/>
        <line num="15" count="0" type="stmt"/>
        <line num="16" count="0" type="stmt"/>
        <line num="19" count="0" type="stmt"/>
      </file>
      <file name="Wrapper.jsx" path="C:\Users\jen\Documents\GitHub\reactjam\src\components\Wrapper.jsx">
        <metrics statements="14" coveredstatements="0" conditionals="4" coveredconditionals="0" methods="4" coveredmethods="0"/>
        <line num="5" count="0" type="stmt"/>
        <line num="6" count="0" type="stmt"/>
        <line num="7" count="0" type="stmt"/>
        <line num="9" count="0" type="stmt"/>
        <line num="11" count="0" type="stmt"/>
        <line num="12" count="0" type="stmt"/>
        <line num="13" count="0" type="stmt"/>
        <line num="16" count="0" type="stmt"/>
        <line num="17" count="0" type="stmt"/>
        <line num="18" count="0" type="stmt"/>
        <line num="21" count="0" type="stmt"/>
        <line num="22" count="0" type="stmt"/>
        <line num="23" count="0" type="stmt"/>
        <line num="26" count="0" type="stmt"/>
      </file>
    </package>
    <package name="components.actions">
      <metrics statements="34" coveredstatements="34" conditionals="36" coveredconditionals="29" methods="9" coveredmethods="9"/>
      <file name="ActionButton.jsx" path="C:\Users\jen\Documents\GitHub\reactjam\src\components\actions\ActionButton.jsx">
        <metrics statements="22" coveredstatements="22" conditionals="30" coveredconditionals="23" methods="5" coveredmethods="5"/>
        <line num="7" count="3" type="stmt"/>
        <line num="16" count="46" type="cond" truecount="2" falsecount="0"/>
        <line num="17" count="46" type="stmt"/>
        <line num="19" count="46" type="stmt"/>
        <line num="20" count="3" type="cond" truecount="1" falsecount="1"/>
        <line num="23" count="46" type="stmt"/>
        <line num="24" count="2" type="cond" truecount="1" falsecount="1"/>
        <line num="27" count="46" type="stmt"/>
        <line num="28" count="2" type="cond" truecount="3" falsecount="1"/>
        <line num="29" count="2" type="stmt"/>
        <line num="30" count="2" type="cond" truecount="1" falsecount="1"/>
        <line num="34" count="46" type="stmt"/>
        <line num="35" count="1" type="cond" truecount="2" falsecount="2"/>
        <line num="36" count="1" type="stmt"/>
        <line num="37" count="1" type="cond" truecount="1" falsecount="1"/>
        <line num="41" count="46" type="cond" truecount="2" falsecount="0"/>
        <line num="42" count="12" type="stmt"/>
        <line num="49" count="34" type="cond" truecount="2" falsecount="0"/>
        <line num="50" count="5" type="stmt"/>
        <line num="67" count="29" type="stmt"/>
        <line num="80" count="3" type="stmt"/>
        <line num="90" count="3" type="stmt"/>
      </file>
      <file name="ActionList.jsx" path="C:\Users\jen\Documents\GitHub\reactjam\src\components\actions\ActionList.jsx">
        <metrics statements="5" coveredstatements="5" conditionals="0" coveredconditionals="0" methods="3" coveredmethods="3"/>
        <line num="8" count="1" type="stmt"/>
        <line num="17" count="7" type="stmt"/>
        <line num="20" count="21" type="stmt"/>
        <line num="24" count="1" type="stmt"/>
        <line num="40" count="1" type="stmt"/>
      </file>
      <file name="LeaveButton.jsx" path="C:\Users\jen\Documents\GitHub\reactjam\src\components\actions\LeaveButton.jsx">
        <metrics statements="7" coveredstatements="7" conditionals="6" coveredconditionals="6" methods="1" coveredmethods="1"/>
        <line num="7" count="2" type="stmt"/>
        <line num="13" count="16" type="cond" truecount="2" falsecount="0"/>
        <line num="14" count="2" type="stmt"/>
        <line num="17" count="14" type="stmt"/>
        <line num="18" count="14" type="cond" truecount="2" falsecount="0"/>
        <line num="20" count="14" type="stmt"/>
        <line num="33" count="2" type="stmt"/>
      </file>
    </package>
    <package name="components.error">
      <metrics statements="23" coveredstatements="0" conditionals="12" coveredconditionals="0" methods="10" coveredmethods="0"/>
      <file name="GameErrorBoundary.jsx" path="C:\Users\jen\Documents\GitHub\reactjam\src\components\error\GameErrorBoundary.jsx">
        <metrics statements="12" coveredstatements="0" conditionals="6" coveredconditionals="0" methods="5" coveredmethods="0"/>
        <line num="9" count="0" type="stmt"/>
        <line num="10" count="0" type="stmt"/>
        <line num="14" count="0" type="stmt"/>
        <line num="18" count="0" type="stmt"/>
        <line num="19" count="0" type="stmt"/>
        <line num="25" count="0" type="stmt"/>
        <line num="26" count="0" type="stmt"/>
        <line num="28" count="0" type="stmt"/>
        <line num="32" count="0" type="cond" truecount="0" falsecount="2"/>
        <line num="33" count="0" type="stmt"/>
        <line num="52" count="0" type="stmt"/>
        <line num="56" count="0" type="stmt"/>
      </file>
      <file name="RoomErrorBoundary.jsx" path="C:\Users\jen\Documents\GitHub\reactjam\src\components\error\RoomErrorBoundary.jsx">
        <metrics statements="11" coveredstatements="0" conditionals="6" coveredconditionals="0" methods="5" coveredmethods="0"/>
        <line num="9" count="0" type="stmt"/>
        <line num="10" count="0" type="stmt"/>
        <line num="14" count="0" type="stmt"/>
        <line num="18" count="0" type="stmt"/>
        <line num="19" count="0" type="stmt"/>
        <line num="22" count="0" type="stmt"/>
        <line num="23" count="0" type="stmt"/>
        <line num="27" count="0" type="cond" truecount="0" falsecount="2"/>
        <line num="28" count="0" type="stmt"/>
        <line num="45" count="0" type="stmt"/>
        <line num="49" count="0" type="stmt"/>
      </file>
    </package>
    <package name="components.movement">
      <metrics statements="12" coveredstatements="0" conditionals="6" coveredconditionals="0" methods="6" coveredmethods="0"/>
      <file name="ExitButton.jsx" path="C:\Users\jen\Documents\GitHub\reactjam\src\components\movement\ExitButton.jsx">
        <metrics statements="5" coveredstatements="0" conditionals="3" coveredconditionals="0" methods="2" coveredmethods="0"/>
        <line num="6" count="0" type="cond" truecount="0" falsecount="1"/>
        <line num="7" count="0" type="cond" truecount="0" falsecount="2"/>
        <line num="9" count="0" type="stmt"/>
        <line num="15" count="0" type="stmt"/>
        <line num="22" count="0" type="stmt"/>
      </file>
      <file name="MovementGrid.jsx" path="C:\Users\jen\Documents\GitHub\reactjam\src\components\movement\MovementGrid.jsx">
        <metrics statements="7" coveredstatements="0" conditionals="3" coveredconditionals="0" methods="4" coveredmethods="0"/>
        <line num="8" count="0" type="cond" truecount="0" falsecount="1"/>
        <line num="10" count="0" type="stmt"/>
        <line num="16" count="0" type="stmt"/>
        <line num="18" count="0" type="stmt"/>
        <line num="22" count="0" type="stmt"/>
        <line num="24" count="0" type="cond" truecount="0" falsecount="2"/>
        <line num="41" count="0" type="stmt"/>
      </file>
    </package>
    <package name="components.tasks">
      <metrics statements="10" coveredstatements="10" conditionals="4" coveredconditionals="4" methods="3" coveredmethods="3"/>
      <file name="TaskItem.jsx" path="C:\Users\jen\Documents\GitHub\reactjam\src\components\tasks\TaskItem.jsx">
        <metrics statements="6" coveredstatements="6" conditionals="3" coveredconditionals="3" methods="1" coveredmethods="1"/>
        <line num="7" count="2" type="cond" truecount="1" falsecount="0"/>
        <line num="8" count="17" type="cond" truecount="2" falsecount="0"/>
        <line num="9" count="17" type="stmt"/>
        <line num="11" count="17" type="stmt"/>
        <line num="18" count="2" type="stmt"/>
        <line num="27" count="2" type="stmt"/>
      </file>
      <file name="TaskList.jsx" path="C:\Users\jen\Documents\GitHub\reactjam\src\components\tasks\TaskList.jsx">
        <metrics statements="4" coveredstatements="4" conditionals="1" coveredconditionals="1" methods="2" coveredmethods="2"/>
        <line num="7" count="1" type="cond" truecount="1" falsecount="0"/>
        <line num="8" count="5" type="stmt"/>
        <line num="11" count="12" type="stmt"/>
        <line num="21" count="1" type="stmt"/>
      </file>
    </package>
    <package name="components.viewport">
      <metrics statements="21" coveredstatements="9" conditionals="11" coveredconditionals="4" methods="5" coveredmethods="3"/>
      <file name="GameStage.jsx" path="C:\Users\jen\Documents\GitHub\reactjam\src\components\viewport\GameStage.jsx">
        <metrics statements="5" coveredstatements="0" conditionals="3" coveredconditionals="0" methods="1" coveredmethods="0"/>
        <line num="8" count="0" type="stmt"/>
        <line num="14" count="0" type="cond" truecount="0" falsecount="2"/>
        <line num="15" count="0" type="stmt"/>
        <line num="17" count="0" type="stmt"/>
        <line num="33" count="0" type="stmt"/>
      </file>
      <file name="InteractableList.jsx" path="C:\Users\jen\Documents\GitHub\reactjam\src\components\viewport\InteractableList.jsx">
        <metrics statements="9" coveredstatements="9" conditionals="4" coveredconditionals="4" methods="3" coveredmethods="3"/>
        <line num="8" count="1" type="stmt"/>
        <line num="9" count="4" type="cond" truecount="4" falsecount="0"/>
        <line num="10" count="3" type="stmt"/>
        <line num="13" count="1" type="stmt"/>
        <line num="14" count="1" type="stmt"/>
        <line num="15" count="2" type="stmt"/>
        <line num="23" count="1" type="stmt"/>
        <line num="26" count="1" type="stmt"/>
        <line num="41" count="1" type="stmt"/>
      </file>
      <file name="RoomRenderer.jsx" path="C:\Users\jen\Documents\GitHub\reactjam\src\components\viewport\RoomRenderer.jsx">
        <metrics statements="7" coveredstatements="0" conditionals="4" coveredconditionals="0" methods="1" coveredmethods="0"/>
        <line num="8" count="0" type="stmt"/>
        <line num="9" count="0" type="cond" truecount="0" falsecount="2"/>
        <line num="10" count="0" type="stmt"/>
        <line num="13" count="0" type="cond" truecount="0" falsecount="2"/>
        <line num="14" count="0" type="stmt"/>
        <line num="17" count="0" type="stmt"/>
        <line num="20" count="0" type="stmt"/>
      </file>
    </package>
    <package name="constants">
      <metrics statements="5" coveredstatements="5" conditionals="0" coveredconditionals="0" methods="0" coveredmethods="0"/>
      <file name="game.js" path="C:\Users\jen\Documents\GitHub\reactjam\src\constants\game.js">
        <metrics statements="5" coveredstatements="5" conditionals="0" coveredconditionals="0" methods="0" coveredmethods="0"/>
        <line num="2" count="2" type="stmt"/>
        <line num="13" count="2" type="stmt"/>
        <line num="20" count="2" type="stmt"/>
        <line num="27" count="2" type="stmt"/>
        <line num="33" count="2" type="stmt"/>
      </file>
    </package>
    <package name="hooks">
      <metrics statements="81" coveredstatements="3" conditionals="14" coveredconditionals="0" methods="22" coveredmethods="0"/>
      <file name="useGameActions.js" path="C:\Users\jen\Documents\GitHub\reactjam\src\hooks\useGameActions.js">
        <metrics statements="31" coveredstatements="1" conditionals="8" coveredconditionals="0" methods="5" coveredmethods="0"/>
        <line num="7" count="1" type="stmt"/>
        <line num="8" count="0" type="stmt"/>
        <line num="11" count="0" type="stmt"/>
        <line num="12" count="0" type="stmt"/>
        <line num="13" count="0" type="stmt"/>
        <line num="14" count="0" type="stmt"/>
        <line num="15" count="0" type="stmt"/>
        <line num="19" count="0" type="stmt"/>
        <line num="20" count="0" type="stmt"/>
        <line num="21" count="0" type="stmt"/>
        <line num="22" count="0" type="stmt"/>
        <line num="26" count="0" type="stmt"/>
        <line num="27" count="0" type="cond" truecount="0" falsecount="2"/>
        <line num="28" count="0" type="stmt"/>
        <line num="29" count="0" type="stmt"/>
        <line num="32" count="0" type="cond" truecount="0" falsecount="2"/>
        <line num="33" count="0" type="stmt"/>
        <line num="35" count="0" type="stmt"/>
        <line num="36" count="0" type="stmt"/>
        <line num="39" count="0" type="cond" truecount="0" falsecount="2"/>
        <line num="40" count="0" type="stmt"/>
        <line num="42" count="0" type="stmt"/>
        <line num="48" count="0" type="stmt"/>
        <line num="49" count="0" type="cond" truecount="0" falsecount="2"/>
        <line num="50" count="0" type="stmt"/>
        <line num="51" count="0" type="stmt"/>
        <line num="52" count="0" type="stmt"/>
        <line num="53" count="0" type="stmt"/>
        <line num="55" count="0" type="stmt"/>
        <line num="58" count="0" type="stmt"/>
        <line num="62" count="0" type="stmt"/>
      </file>
      <file name="useGameProvider.js" path="C:\Users\jen\Documents\GitHub\reactjam\src\hooks\useGameProvider.js">
        <metrics statements="1" coveredstatements="0" conditionals="0" coveredconditionals="0" methods="1" coveredmethods="0"/>
        <line num="4" count="0" type="stmt"/>
      </file>
      <file name="useGameSounds.js" path="C:\Users\jen\Documents\GitHub\reactjam\src\hooks\useGameSounds.js">
        <metrics statements="23" coveredstatements="1" conditionals="0" coveredconditionals="0" methods="7" coveredmethods="0"/>
        <line num="11" count="1" type="stmt"/>
        <line num="12" count="0" type="stmt"/>
        <line num="14" count="0" type="stmt"/>
        <line num="15" count="0" type="stmt"/>
        <line num="16" count="0" type="stmt"/>
        <line num="17" count="0" type="stmt"/>
        <line num="18" count="0" type="stmt"/>
        <line num="20" count="0" type="stmt"/>
        <line num="21" count="0" type="stmt"/>
        <line num="24" count="0" type="stmt"/>
        <line num="25" count="0" type="stmt"/>
        <line num="28" count="0" type="stmt"/>
        <line num="29" count="0" type="stmt"/>
        <line num="32" count="0" type="stmt"/>
        <line num="33" count="0" type="stmt"/>
        <line num="34" count="0" type="stmt"/>
        <line num="37" count="0" type="stmt"/>
        <line num="38" count="0" type="stmt"/>
        <line num="40" count="0" type="stmt"/>
        <line num="43" count="0" type="stmt"/>
        <line num="44" count="0" type="stmt"/>
        <line num="45" count="0" type="stmt"/>
        <line num="48" count="0" type="stmt"/>
      </file>
      <file name="useGameState.js" path="C:\Users\jen\Documents\GitHub\reactjam\src\hooks\useGameState.js">
        <metrics statements="26" coveredstatements="1" conditionals="6" coveredconditionals="0" methods="9" coveredmethods="0"/>
        <line num="6" count="1" type="stmt"/>
        <line num="7" count="0" type="stmt"/>
        <line num="8" count="0" type="stmt"/>
        <line num="11" count="0" type="stmt"/>
        <line num="12" count="0" type="stmt"/>
        <line num="13" count="0" type="cond" truecount="0" falsecount="2"/>
        <line num="14" count="0" type="stmt"/>
        <line num="15" count="0" type="stmt"/>
        <line num="16" count="0" type="stmt"/>
        <line num="21" count="0" type="stmt"/>
        <line num="24" count="0" type="stmt"/>
        <line num="25" count="0" type="stmt"/>
        <line num="29" count="0" type="stmt"/>
        <line num="30" count="0" type="stmt"/>
        <line num="35" count="0" type="stmt"/>
        <line num="36" count="0" type="stmt"/>
        <line num="37" count="0" type="cond" truecount="0" falsecount="2"/>
        <line num="38" count="0" type="stmt"/>
        <line num="39" count="0" type="stmt"/>
        <line num="40" count="0" type="stmt"/>
        <line num="42" count="0" type="stmt"/>
        <line num="46" count="0" type="stmt"/>
        <line num="47" count="0" type="stmt"/>
        <line num="51" count="0" type="stmt"/>
        <line num="52" count="0" type="cond" truecount="0" falsecount="2"/>
        <line num="55" count="0" type="stmt"/>
      </file>
    </package>
    <package name="utils">
      <metrics statements="186" coveredstatements="122" conditionals="119" coveredconditionals="73" methods="35" coveredmethods="29"/>
      <file name="errorHandling.js" path="C:\Users\jen\Documents\GitHub\reactjam\src\utils\errorHandling.js">
        <metrics statements="20" coveredstatements="18" conditionals="11" coveredconditionals="11" methods="9" coveredmethods="9"/>
        <line num="12" count="1" type="cond" truecount="2" falsecount="0"/>
        <line num="13" count="4" type="stmt"/>
        <line num="14" count="4" type="stmt"/>
        <line num="16" count="3" type="stmt"/>
        <line num="17" count="3" type="stmt"/>
        <line num="28" count="1" type="cond" truecount="1" falsecount="0"/>
        <line num="29" count="5" type="stmt"/>
        <line num="30" count="10" type="cond" truecount="2" falsecount="0"/>
        <line num="32" count="0" type="stmt"/>
        <line num="33" count="0" type="stmt"/>
        <line num="42" count="1" type="stmt"/>
        <line num="43" count="4" type="cond" truecount="2" falsecount="0"/>
        <line num="45" count="2" type="stmt"/>
        <line num="46" count="7" type="stmt"/>
        <line num="54" count="1" type="stmt"/>
        <line num="55" count="4" type="cond" truecount="2" falsecount="0"/>
        <line num="57" count="2" type="stmt"/>
        <line num="58" count="9" type="stmt"/>
        <line num="66" count="1" type="stmt"/>
        <line num="80" count="2" type="stmt"/>
      </file>
      <file name="text.js" path="C:\Users\jen\Documents\GitHub\reactjam\src\utils\text.js">
        <metrics statements="9" coveredstatements="9" conditionals="5" coveredconditionals="5" methods="3" coveredmethods="3"/>
        <line num="11" count="2" type="stmt"/>
        <line num="12" count="8" type="stmt"/>
        <line num="13" count="8" type="cond" truecount="2" falsecount="0"/>
        <line num="24" count="2" type="cond" truecount="1" falsecount="0"/>
        <line num="25" count="6" type="stmt"/>
        <line num="26" count="6" type="cond" truecount="2" falsecount="0"/>
        <line num="27" count="3" type="stmt"/>
        <line num="28" count="3" type="stmt"/>
        <line num="30" count="3" type="stmt"/>
      </file>
      <file name="validation.js" path="C:\Users\jen\Documents\GitHub\reactjam\src\utils\validation.js">
        <metrics statements="157" coveredstatements="95" conditionals="103" coveredconditionals="57" methods="23" coveredmethods="17"/>
        <line num="6" count="130" type="stmt"/>
        <line num="11" count="188" type="stmt"/>
        <line num="16" count="136" type="cond" truecount="3" falsecount="0"/>
        <line num="21" count="1" type="stmt"/>
        <line num="26" count="1" type="stmt"/>
        <line num="31" count="1" type="stmt"/>
        <line num="32" count="10" type="stmt"/>
        <line num="34" count="10" type="cond" truecount="1" falsecount="1"/>
        <line num="35" count="0" type="stmt"/>
        <line num="36" count="0" type="stmt"/>
        <line num="39" count="10" type="cond" truecount="2" falsecount="0"/>
        <line num="40" count="1" type="stmt"/>
        <line num="42" count="9" type="stmt"/>
        <line num="43" count="27" type="cond" truecount="1" falsecount="1"/>
        <line num="44" count="0" type="stmt"/>
        <line num="49" count="10" type="cond" truecount="2" falsecount="0"/>
        <line num="50" count="1" type="stmt"/>
        <line num="53" count="10" type="cond" truecount="2" falsecount="0"/>
        <line num="54" count="1" type="stmt"/>
        <line num="58" count="10" type="cond" truecount="1" falsecount="1"/>
        <line num="59" count="10" type="cond" truecount="1" falsecount="1"/>
        <line num="60" count="0" type="stmt"/>
        <line num="62" count="10" type="cond" truecount="4" falsecount="0"/>
        <line num="63" count="1" type="stmt"/>
        <line num="65" count="10" type="cond" truecount="3" falsecount="1"/>
        <line num="66" count="0" type="stmt"/>
        <line num="71" count="10" type="stmt"/>
        <line num="77" count="1" type="stmt"/>
        <line num="78" count="9" type="stmt"/>
        <line num="80" count="9" type="cond" truecount="1" falsecount="1"/>
        <line num="81" count="0" type="stmt"/>
        <line num="82" count="0" type="stmt"/>
        <line num="86" count="9" type="stmt"/>
        <line num="87" count="9" type="cond" truecount="1" falsecount="1"/>
        <line num="88" count="0" type="stmt"/>
        <line num="89" count="0" type="stmt"/>
        <line num="93" count="9" type="cond" truecount="1" falsecount="1"/>
        <line num="94" count="9" type="cond" truecount="1" falsecount="1"/>
        <line num="95" count="0" type="stmt"/>
        <line num="97" count="9" type="stmt"/>
        <line num="98" count="9" type="cond" truecount="1" falsecount="1"/>
        <line num="99" count="0" type="stmt"/>
        <line num="106" count="9" type="cond" truecount="2" falsecount="2"/>
        <line num="107" count="0" type="stmt"/>
        <line num="111" count="9" type="stmt"/>
        <line num="117" count="1" type="stmt"/>
        <line num="118" count="9" type="stmt"/>
        <line num="120" count="9" type="cond" truecount="1" falsecount="1"/>
        <line num="121" count="0" type="stmt"/>
        <line num="122" count="0" type="stmt"/>
        <line num="125" count="9" type="stmt"/>
        <line num="126" count="9" type="stmt"/>
        <line num="127" count="9" type="stmt"/>
        <line num="130" count="9" type="stmt"/>
        <line num="136" count="1" type="stmt"/>
        <line num="137" count="0" type="stmt"/>
        <line num="139" count="0" type="cond" truecount="0" falsecount="2"/>
        <line num="140" count="0" type="stmt"/>
        <line num="141" count="0" type="stmt"/>
        <line num="144" count="0" type="cond" truecount="0" falsecount="2"/>
        <line num="145" count="0" type="stmt"/>
        <line num="148" count="0" type="cond" truecount="0" falsecount="2"/>
        <line num="149" count="0" type="stmt"/>
        <line num="152" count="0" type="cond" truecount="0" falsecount="2"/>
        <line num="153" count="0" type="stmt"/>
        <line num="156" count="0" type="cond" truecount="0" falsecount="2"/>
        <line num="157" count="0" type="stmt"/>
        <line num="160" count="0" type="cond" truecount="0" falsecount="2"/>
        <line num="161" count="0" type="stmt"/>
        <line num="164" count="0" type="cond" truecount="0" falsecount="2"/>
        <line num="165" count="0" type="stmt"/>
        <line num="168" count="0" type="stmt"/>
        <line num="174" count="1" type="stmt"/>
        <line num="175" count="9" type="stmt"/>
        <line num="177" count="9" type="cond" truecount="1" falsecount="1"/>
        <line num="178" count="0" type="stmt"/>
        <line num="179" count="0" type="stmt"/>
        <line num="182" count="9" type="cond" truecount="1" falsecount="1"/>
        <line num="183" count="0" type="stmt"/>
        <line num="186" count="9" type="cond" truecount="1" falsecount="1"/>
        <line num="187" count="0" type="stmt"/>
        <line num="190" count="9" type="cond" truecount="1" falsecount="1"/>
        <line num="191" count="0" type="stmt"/>
        <line num="194" count="9" type="cond" truecount="1" falsecount="1"/>
        <line num="195" count="0" type="stmt"/>
        <line num="197" count="9" type="stmt"/>
        <line num="198" count="9" type="cond" truecount="1" falsecount="1"/>
        <line num="199" count="0" type="stmt"/>
        <line num="204" count="9" type="cond" truecount="3" falsecount="1"/>
        <line num="205" count="0" type="stmt"/>
        <line num="208" count="9" type="cond" truecount="1" falsecount="1"/>
        <line num="209" count="9" type="cond" truecount="1" falsecount="1"/>
        <line num="210" count="0" type="stmt"/>
        <line num="212" count="9" type="stmt"/>
        <line num="213" count="0" type="stmt"/>
        <line num="214" count="0" type="stmt"/>
        <line num="219" count="9" type="cond" truecount="2" falsecount="2"/>
        <line num="220" count="0" type="stmt"/>
        <line num="223" count="9" type="stmt"/>
        <line num="229" count="1" type="stmt"/>
        <line num="230" count="9" type="stmt"/>
        <line num="232" count="9" type="cond" truecount="1" falsecount="1"/>
        <line num="233" count="0" type="stmt"/>
        <line num="234" count="0" type="stmt"/>
        <line num="237" count="9" type="stmt"/>
        <line num="238" count="9" type="stmt"/>
        <line num="239" count="9" type="stmt"/>
        <line num="242" count="9" type="stmt"/>
        <line num="248" count="1" type="stmt"/>
        <line num="249" count="9" type="stmt"/>
        <line num="251" count="9" type="cond" truecount="1" falsecount="1"/>
        <line num="252" count="0" type="stmt"/>
        <line num="253" count="0" type="stmt"/>
        <line num="256" count="9" type="stmt"/>
        <line num="257" count="9" type="cond" truecount="1" falsecount="1"/>
        <line num="258" count="0" type="stmt"/>
        <line num="259" count="0" type="stmt"/>
        <line num="262" count="9" type="cond" truecount="1" falsecount="1"/>
        <line num="263" count="0" type="stmt"/>
        <line num="266" count="9" type="cond" truecount="1" falsecount="1"/>
        <line num="267" count="0" type="stmt"/>
        <line num="271" count="9" type="stmt"/>
        <line num="277" count="1" type="stmt"/>
        <line num="278" count="11" type="stmt"/>
        <line num="280" count="11" type="cond" truecount="1" falsecount="1"/>
        <line num="281" count="0" type="stmt"/>
        <line num="282" count="0" type="stmt"/>
        <line num="286" count="11" type="cond" truecount="2" falsecount="0"/>
        <line num="287" count="1" type="stmt"/>
        <line num="289" count="10" type="stmt"/>
        <line num="290" count="10" type="stmt"/>
        <line num="294" count="11" type="cond" truecount="2" falsecount="0"/>
        <line num="295" count="1" type="stmt"/>
        <line num="297" count="10" type="stmt"/>
        <line num="300" count="10" type="cond" truecount="2" falsecount="0"/>
        <line num="301" count="1" type="stmt"/>
        <line num="303" count="9" type="stmt"/>
        <line num="304" count="9" type="stmt"/>
        <line num="308" count="10" type="cond" truecount="2" falsecount="0"/>
        <line num="309" count="1" type="stmt"/>
        <line num="311" count="9" type="stmt"/>
        <line num="312" count="9" type="stmt"/>
        <line num="316" count="10" type="cond" truecount="2" falsecount="0"/>
        <line num="317" count="1" type="stmt"/>
        <line num="319" count="9" type="stmt"/>
        <line num="320" count="9" type="stmt"/>
        <line num="324" count="11" type="stmt"/>
        <line num="331" count="1" type="stmt"/>
        <line num="332" count="0" type="stmt"/>
        <line num="334" count="0" type="cond" truecount="0" falsecount="2"/>
        <line num="335" count="0" type="stmt"/>
        <line num="336" count="0" type="stmt"/>
        <line num="337" count="0" type="stmt"/>
        <line num="338" count="0" type="stmt"/>
        <line num="339" count="0" type="stmt"/>
        <line num="342" count="0" type="stmt"/>
        <line num="343" count="0" type="stmt"/>
      </file>
    </package>
  </project>
</coverage>
