{"C:\\Users\\jen\\Documents\\GitHub\\reactjam\\src\\__tests__\\utils\\test-utils.jsx": {"path":"C:\\Users\\jen\\Documents\\GitHub\\reactjam\\src\\__tests__\\utils\\test-utils.jsx","statementMap":{"0":{"start":{"line":8,"column":38},"end":{"line":15,"column":1}},"1":{"start":{"line":9,"column":18},"end":{"line":13,"column":3}},"2":{"start":{"line":10,"column":4},"end":{"line":12,"column":19}},"3":{"start":{"line":14,"column":2},"end":{"line":14,"column":53}},"4":{"start":{"line":20,"column":28},"end":{"line":55,"column":1}},"5":{"start":{"line":60,"column":24},"end":{"line":80,"column":1}},"6":{"start":{"line":85,"column":32},"end":{"line":99,"column":1}},"7":{"start":{"line":104,"column":23},"end":{"line":104,"column":82}},"8":{"start":{"line":104,"column":35},"end":{"line":104,"column":82}},"9":{"start":{"line":104,"column":58},"end":{"line":104,"column":81}},"10":{"start":{"line":109,"column":25},"end":{"line":116,"column":1}},"11":{"start":{"line":111,"column":4},"end":{"line":111,"column":19}},"12":{"start":{"line":114,"column":4},"end":{"line":114,"column":64}}},"fnMap":{"0":{"name":"(anonymous_0)","decl":{"start":{"line":8,"column":38},"end":{"line":8,"column":39}},"loc":{"start":{"line":8,"column":60},"end":{"line":15,"column":1}},"line":8},"1":{"name":"(anonymous_1)","decl":{"start":{"line":9,"column":18},"end":{"line":9,"column":19}},"loc":{"start":{"line":10,"column":4},"end":{"line":12,"column":19}},"line":10},"2":{"name":"(anonymous_2)","decl":{"start":{"line":104,"column":23},"end":{"line":104,"column":24}},"loc":{"start":{"line":104,"column":35},"end":{"line":104,"column":82}},"line":104},"3":{"name":"(anonymous_3)","decl":{"start":{"line":104,"column":47},"end":{"line":104,"column":48}},"loc":{"start":{"line":104,"column":58},"end":{"line":104,"column":81}},"line":104},"4":{"name":"(anonymous_4)","decl":{"start":{"line":110,"column":9},"end":{"line":110,"column":10}},"loc":{"start":{"line":110,"column":22},"end":{"line":112,"column":3}},"line":110},"5":{"name":"(anonymous_5)","decl":{"start":{"line":113,"column":11},"end":{"line":113,"column":12}},"loc":{"start":{"line":113,"column":29},"end":{"line":115,"column":3}},"line":113}},"branchMap":{"0":{"loc":{"start":{"line":8,"column":43},"end":{"line":8,"column":55}},"type":"default-arg","locations":[{"start":{"line":8,"column":53},"end":{"line":8,"column":55}}],"line":8},"1":{"loc":{"start":{"line":104,"column":24},"end":{"line":104,"column":30}},"type":"default-arg","locations":[{"start":{"line":104,"column":29},"end":{"line":104,"column":30}}],"line":104}},"s":{"0":1,"1":0,"2":0,"3":0,"4":1,"5":1,"6":1,"7":1,"8":0,"9":0,"10":1,"11":0,"12":0},"f":{"0":0,"1":0,"2":0,"3":0,"4":0,"5":0},"b":{"0":[0],"1":[0]},"_coverageSchema":"1a1c01bbd47fc00a2c39e90264f33305004495a9","hash":"83fac48c4aca114bee8253b7a5822ad620ec7d5f"}
,"C:\\Users\\jen\\Documents\\GitHub\\reactjam\\src\\components\\Actions.jsx": {"path":"C:\\Users\\jen\\Documents\\GitHub\\reactjam\\src\\components\\Actions.jsx","statementMap":{"0":{"start":{"line":7,"column":16},"end":{"line":33,"column":1}},"1":{"start":{"line":16,"column":6},"end":{"line":16,"column":23}},"2":{"start":{"line":18,"column":2},"end":{"line":32,"column":3}}},"fnMap":{"0":{"name":"(anonymous_0)","decl":{"start":{"line":7,"column":16},"end":{"line":7,"column":17}},"loc":{"start":{"line":7,"column":22},"end":{"line":33,"column":1}},"line":7}},"branchMap":{},"s":{"0":0,"1":0,"2":0},"f":{"0":0},"b":{}}
,"C:\\Users\\jen\\Documents\\GitHub\\reactjam\\src\\components\\DeathRoom.jsx": {"path":"C:\\Users\\jen\\Documents\\GitHub\\reactjam\\src\\components\\DeathRoom.jsx","statementMap":{"0":{"start":{"line":4,"column":18},"end":{"line":48,"column":1}},"1":{"start":{"line":5,"column":10},"end":{"line":5,"column":11}},"2":{"start":{"line":6,"column":36},"end":{"line":6,"column":47}},"3":{"start":{"line":7,"column":34},"end":{"line":7,"column":45}},"4":{"start":{"line":9,"column":2},"end":{"line":17,"column":4}},"5":{"start":{"line":10,"column":4},"end":{"line":10,"column":18}},"6":{"start":{"line":11,"column":4},"end":{"line":14,"column":5}},"7":{"start":{"line":12,"column":23},"end":{"line":12,"column":36}},"8":{"start":{"line":13,"column":6},"end":{"line":13,"column":28}},"9":{"start":{"line":15,"column":24},"end":{"line":15,"column":40}},"10":{"start":{"line":16,"column":4},"end":{"line":16,"column":28}},"11":{"start":{"line":19,"column":2},"end":{"line":24,"column":3}},"12":{"start":{"line":21,"column":6},"end":{"line":21,"column":21}},"13":{"start":{"line":26,"column":2},"end":{"line":47,"column":3}}},"fnMap":{"0":{"name":"(anonymous_0)","decl":{"start":{"line":4,"column":18},"end":{"line":4,"column":19}},"loc":{"start":{"line":4,"column":39},"end":{"line":48,"column":1}},"line":4},"1":{"name":"(anonymous_1)","decl":{"start":{"line":9,"column":10},"end":{"line":9,"column":11}},"loc":{"start":{"line":9,"column":18},"end":{"line":17,"column":3}},"line":9},"2":{"name":"resetAlphaOnNewRoom","decl":{"start":{"line":20,"column":13},"end":{"line":20,"column":32}},"loc":{"start":{"line":20,"column":35},"end":{"line":22,"column":5}},"line":20}},"branchMap":{"0":{"loc":{"start":{"line":11,"column":4},"end":{"line":14,"column":5}},"type":"if","locations":[{"start":{"line":11,"column":4},"end":{"line":14,"column":5}},{"start":{},"end":{}}],"line":11}},"s":{"0":0,"1":0,"2":0,"3":0,"4":0,"5":0,"6":0,"7":0,"8":0,"9":0,"10":0,"11":0,"12":0,"13":0},"f":{"0":0,"1":0,"2":0},"b":{"0":[0,0]}}
,"C:\\Users\\jen\\Documents\\GitHub\\reactjam\\src\\components\\Description.jsx": {"path":"C:\\Users\\jen\\Documents\\GitHub\\reactjam\\src\\components\\Description.jsx","statementMap":{"0":{"start":{"line":7,"column":20},"end":{"line":23,"column":1}},"1":{"start":{"line":8,"column":46},"end":{"line":8,"column":63}},"2":{"start":{"line":10,"column":2},"end":{"line":22,"column":3}}},"fnMap":{"0":{"name":"(anonymous_0)","decl":{"start":{"line":7,"column":20},"end":{"line":7,"column":21}},"loc":{"start":{"line":7,"column":26},"end":{"line":23,"column":1}},"line":7}},"branchMap":{},"s":{"0":0,"1":0,"2":0},"f":{"0":0},"b":{}}
,"C:\\Users\\jen\\Documents\\GitHub\\reactjam\\src\\components\\GameProvider.jsx": {"path":"C:\\Users\\jen\\Documents\\GitHub\\reactjam\\src\\components\\GameProvider.jsx","statementMap":{"0":{"start":{"line":8,"column":27},"end":{"line":8,"column":42}},"1":{"start":{"line":10,"column":28},"end":{"line":82,"column":1}},"2":{"start":{"line":12,"column":23},"end":{"line":12,"column":36}},"3":{"start":{"line":13,"column":2},"end":{"line":16,"column":3}},"4":{"start":{"line":14,"column":4},"end":{"line":14,"column":33}},"5":{"start":{"line":15,"column":4},"end":{"line":15,"column":31}},"6":{"start":{"line":18,"column":30},"end":{"line":18,"column":34}},"7":{"start":{"line":19,"column":27},"end":{"line":19,"column":34}},"8":{"start":{"line":20,"column":22},"end":{"line":20,"column":28}},"9":{"start":{"line":23,"column":20},"end":{"line":23,"column":67}},"10":{"start":{"line":24,"column":90},"end":{"line":24,"column":99}},"11":{"start":{"line":26,"column":54},"end":{"line":28,"column":3}},"12":{"start":{"line":31,"column":17},"end":{"line":31,"column":32}},"13":{"start":{"line":34,"column":25},"end":{"line":41,"column":3}},"14":{"start":{"line":49,"column":6},"end":{"line":49,"column":20}},"15":{"start":{"line":52,"column":21},"end":{"line":56,"column":3}},"16":{"start":{"line":53,"column":4},"end":{"line":53,"column":28}},"17":{"start":{"line":54,"column":4},"end":{"line":54,"column":43}},"18":{"start":{"line":55,"column":4},"end":{"line":55,"column":21}},"19":{"start":{"line":58,"column":2},"end":{"line":81,"column":3}},"20":{"start":{"line":71,"column":34},"end":{"line":71,"column":77}},"21":{"start":{"line":72,"column":33},"end":{"line":72,"column":106}}},"fnMap":{"0":{"name":"(anonymous_0)","decl":{"start":{"line":10,"column":28},"end":{"line":10,"column":29}},"loc":{"start":{"line":10,"column":46},"end":{"line":82,"column":1}},"line":10},"1":{"name":"(anonymous_1)","decl":{"start":{"line":52,"column":21},"end":{"line":52,"column":22}},"loc":{"start":{"line":52,"column":31},"end":{"line":56,"column":3}},"line":52},"2":{"name":"(anonymous_2)","decl":{"start":{"line":71,"column":28},"end":{"line":71,"column":29}},"loc":{"start":{"line":71,"column":34},"end":{"line":71,"column":77}},"line":71},"3":{"name":"(anonymous_3)","decl":{"start":{"line":72,"column":27},"end":{"line":72,"column":28}},"loc":{"start":{"line":72,"column":33},"end":{"line":72,"column":106}},"line":72}},"branchMap":{"0":{"loc":{"start":{"line":13,"column":2},"end":{"line":16,"column":3}},"type":"if","locations":[{"start":{"line":13,"column":2},"end":{"line":16,"column":3}},{"start":{},"end":{}}],"line":13}},"s":{"0":1,"1":1,"2":0,"3":0,"4":0,"5":0,"6":0,"7":0,"8":0,"9":0,"10":0,"11":0,"12":0,"13":0,"14":0,"15":0,"16":0,"17":0,"18":0,"19":0,"20":0,"21":0},"f":{"0":0,"1":0,"2":0,"3":0},"b":{"0":[0,0]},"_coverageSchema":"1a1c01bbd47fc00a2c39e90264f33305004495a9","hash":"1e86f718c491b0b1b6c98e4e46a9764242ef16a2"}
,"C:\\Users\\jen\\Documents\\GitHub\\reactjam\\src\\components\\Interactable.jsx": {"path":"C:\\Users\\jen\\Documents\\GitHub\\reactjam\\src\\components\\Interactable.jsx","statementMap":{"0":{"start":{"line":8,"column":21},"end":{"line":23,"column":1}},"1":{"start":{"line":9,"column":50},"end":{"line":9,"column":62}},"2":{"start":{"line":11,"column":2},"end":{"line":22,"column":3}},"3":{"start":{"line":20,"column":27},"end":{"line":20,"column":43}},"4":{"start":{"line":25,"column":0},"end":{"line":36,"column":1}}},"fnMap":{"0":{"name":"(anonymous_0)","decl":{"start":{"line":8,"column":21},"end":{"line":8,"column":22}},"loc":{"start":{"line":8,"column":52},"end":{"line":23,"column":1}},"line":8},"1":{"name":"(anonymous_1)","decl":{"start":{"line":20,"column":21},"end":{"line":20,"column":22}},"loc":{"start":{"line":20,"column":27},"end":{"line":20,"column":43}},"line":20}},"branchMap":{"0":{"loc":{"start":{"line":14,"column":25},"end":{"line":14,"column":52}},"type":"binary-expr","locations":[{"start":{"line":14,"column":25},"end":{"line":14,"column":30}},{"start":{"line":14,"column":34},"end":{"line":14,"column":52}}],"line":14}},"s":{"0":1,"1":2,"2":2,"3":0,"4":1},"f":{"0":2,"1":0},"b":{"0":[2,2]},"_coverageSchema":"1a1c01bbd47fc00a2c39e90264f33305004495a9","hash":"cf98f83ed4cda7d027fad8377374e78dc34a6d2b"}
,"C:\\Users\\jen\\Documents\\GitHub\\reactjam\\src\\components\\MoveGrid.jsx": {"path":"C:\\Users\\jen\\Documents\\GitHub\\reactjam\\src\\components\\MoveGrid.jsx","statementMap":{"0":{"start":{"line":7,"column":17},"end":{"line":21,"column":1}},"1":{"start":{"line":8,"column":45},"end":{"line":8,"column":62}},"2":{"start":{"line":9,"column":16},"end":{"line":9,"column":33}},"3":{"start":{"line":11,"column":2},"end":{"line":20,"column":3}}},"fnMap":{"0":{"name":"(anonymous_0)","decl":{"start":{"line":7,"column":17},"end":{"line":7,"column":18}},"loc":{"start":{"line":7,"column":23},"end":{"line":21,"column":1}},"line":7}},"branchMap":{},"s":{"0":0,"1":0,"2":0,"3":0},"f":{"0":0},"b":{}}
,"C:\\Users\\jen\\Documents\\GitHub\\reactjam\\src\\components\\RoomSprite.jsx": {"path":"C:\\Users\\jen\\Documents\\GitHub\\reactjam\\src\\components\\RoomSprite.jsx","statementMap":{"0":{"start":{"line":4,"column":19},"end":{"line":29,"column":1}},"1":{"start":{"line":5,"column":10},"end":{"line":5,"column":11}},"2":{"start":{"line":6,"column":36},"end":{"line":6,"column":47}},"3":{"start":{"line":8,"column":2},"end":{"line":14,"column":4}},"4":{"start":{"line":9,"column":4},"end":{"line":13,"column":5}},"5":{"start":{"line":10,"column":6},"end":{"line":10,"column":19}},"6":{"start":{"line":11,"column":23},"end":{"line":11,"column":36}},"7":{"start":{"line":12,"column":6},"end":{"line":12,"column":28}},"8":{"start":{"line":16,"column":2},"end":{"line":21,"column":3}},"9":{"start":{"line":18,"column":6},"end":{"line":18,"column":21}},"10":{"start":{"line":23,"column":2},"end":{"line":28,"column":3}}},"fnMap":{"0":{"name":"(anonymous_0)","decl":{"start":{"line":4,"column":19},"end":{"line":4,"column":20}},"loc":{"start":{"line":4,"column":40},"end":{"line":29,"column":1}},"line":4},"1":{"name":"(anonymous_1)","decl":{"start":{"line":8,"column":10},"end":{"line":8,"column":11}},"loc":{"start":{"line":8,"column":18},"end":{"line":14,"column":3}},"line":8},"2":{"name":"resetAlphaOnNewRoom","decl":{"start":{"line":17,"column":13},"end":{"line":17,"column":32}},"loc":{"start":{"line":17,"column":35},"end":{"line":19,"column":5}},"line":17}},"branchMap":{"0":{"loc":{"start":{"line":9,"column":4},"end":{"line":13,"column":5}},"type":"if","locations":[{"start":{"line":9,"column":4},"end":{"line":13,"column":5}},{"start":{},"end":{}}],"line":9}},"s":{"0":0,"1":0,"2":0,"3":0,"4":0,"5":0,"6":0,"7":0,"8":0,"9":0,"10":0},"f":{"0":0,"1":0,"2":0},"b":{"0":[0,0]}}
,"C:\\Users\\jen\\Documents\\GitHub\\reactjam\\src\\components\\Sidebar.jsx": {"path":"C:\\Users\\jen\\Documents\\GitHub\\reactjam\\src\\components\\Sidebar.jsx","statementMap":{"0":{"start":{"line":4,"column":16},"end":{"line":11,"column":1}},"1":{"start":{"line":5,"column":2},"end":{"line":10,"column":3}}},"fnMap":{"0":{"name":"(anonymous_0)","decl":{"start":{"line":4,"column":16},"end":{"line":4,"column":17}},"loc":{"start":{"line":4,"column":22},"end":{"line":11,"column":1}},"line":4}},"branchMap":{},"s":{"0":0,"1":0},"f":{"0":0},"b":{}}
,"C:\\Users\\jen\\Documents\\GitHub\\reactjam\\src\\components\\Tasks.jsx": {"path":"C:\\Users\\jen\\Documents\\GitHub\\reactjam\\src\\components\\Tasks.jsx","statementMap":{"0":{"start":{"line":7,"column":14},"end":{"line":20,"column":1}},"1":{"start":{"line":8,"column":34},"end":{"line":8,"column":51}},"2":{"start":{"line":10,"column":2},"end":{"line":19,"column":3}}},"fnMap":{"0":{"name":"(anonymous_0)","decl":{"start":{"line":7,"column":14},"end":{"line":7,"column":15}},"loc":{"start":{"line":7,"column":20},"end":{"line":20,"column":1}},"line":7}},"branchMap":{},"s":{"0":0,"1":0,"2":0},"f":{"0":0},"b":{}}
,"C:\\Users\\jen\\Documents\\GitHub\\reactjam\\src\\components\\Viewport.jsx": {"path":"C:\\Users\\jen\\Documents\\GitHub\\reactjam\\src\\components\\Viewport.jsx","statementMap":{"0":{"start":{"line":10,"column":17},"end":{"line":33,"column":1}},"1":{"start":{"line":11,"column":60},"end":{"line":11,"column":77}},"2":{"start":{"line":13,"column":28},"end":{"line":17,"column":3}},"3":{"start":{"line":14,"column":14},"end":{"line":14,"column":39}},"4":{"start":{"line":15,"column":14},"end":{"line":15,"column":39}},"5":{"start":{"line":16,"column":4},"end":{"line":16,"column":21}},"6":{"start":{"line":19,"column":2},"end":{"line":32,"column":3}}},"fnMap":{"0":{"name":"(anonymous_0)","decl":{"start":{"line":10,"column":17},"end":{"line":10,"column":18}},"loc":{"start":{"line":10,"column":23},"end":{"line":33,"column":1}},"line":10},"1":{"name":"(anonymous_1)","decl":{"start":{"line":13,"column":28},"end":{"line":13,"column":29}},"loc":{"start":{"line":13,"column":39},"end":{"line":17,"column":3}},"line":13}},"branchMap":{},"s":{"0":0,"1":0,"2":0,"3":0,"4":0,"5":0,"6":0},"f":{"0":0,"1":0},"b":{}}
,"C:\\Users\\jen\\Documents\\GitHub\\reactjam\\src\\components\\Wrapper.jsx": {"path":"C:\\Users\\jen\\Documents\\GitHub\\reactjam\\src\\components\\Wrapper.jsx","statementMap":{"0":{"start":{"line":5,"column":16},"end":{"line":134,"column":1}},"1":{"start":{"line":6,"column":36},"end":{"line":6,"column":51}},"2":{"start":{"line":7,"column":40},"end":{"line":7,"column":55}},"3":{"start":{"line":9,"column":17},"end":{"line":9,"column":36}},"4":{"start":{"line":11,"column":22},"end":{"line":14,"column":3}},"5":{"start":{"line":12,"column":4},"end":{"line":12,"column":10}},"6":{"start":{"line":13,"column":4},"end":{"line":13,"column":25}},"7":{"start":{"line":16,"column":22},"end":{"line":19,"column":3}},"8":{"start":{"line":17,"column":4},"end":{"line":17,"column":10}},"9":{"start":{"line":18,"column":4},"end":{"line":18,"column":24}},"10":{"start":{"line":21,"column":23},"end":{"line":24,"column":3}},"11":{"start":{"line":22,"column":4},"end":{"line":22,"column":10}},"12":{"start":{"line":23,"column":4},"end":{"line":23,"column":25}},"13":{"start":{"line":26,"column":2},"end":{"line":133,"column":3}}},"fnMap":{"0":{"name":"(anonymous_0)","decl":{"start":{"line":5,"column":16},"end":{"line":5,"column":17}},"loc":{"start":{"line":5,"column":34},"end":{"line":134,"column":1}},"line":5},"1":{"name":"(anonymous_1)","decl":{"start":{"line":11,"column":22},"end":{"line":11,"column":23}},"loc":{"start":{"line":11,"column":28},"end":{"line":14,"column":3}},"line":11},"2":{"name":"(anonymous_2)","decl":{"start":{"line":16,"column":22},"end":{"line":16,"column":23}},"loc":{"start":{"line":16,"column":28},"end":{"line":19,"column":3}},"line":16},"3":{"name":"(anonymous_3)","decl":{"start":{"line":21,"column":23},"end":{"line":21,"column":24}},"loc":{"start":{"line":21,"column":29},"end":{"line":24,"column":3}},"line":21}},"branchMap":{"0":{"loc":{"start":{"line":28,"column":7},"end":{"line":42,"column":7}},"type":"cond-expr","locations":[{"start":{"line":29,"column":8},"end":{"line":39,"column":14}},{"start":{"line":41,"column":8},"end":{"line":41,"column":16}}],"line":28},"1":{"loc":{"start":{"line":53,"column":9},"end":{"line":129,"column":9}},"type":"binary-expr","locations":[{"start":{"line":53,"column":9},"end":{"line":53,"column":20}},{"start":{"line":54,"column":10},"end":{"line":128,"column":16}}],"line":53}},"s":{"0":0,"1":0,"2":0,"3":0,"4":0,"5":0,"6":0,"7":0,"8":0,"9":0,"10":0,"11":0,"12":0,"13":0},"f":{"0":0,"1":0,"2":0,"3":0},"b":{"0":[0,0],"1":[0,0]}}
,"C:\\Users\\jen\\Documents\\GitHub\\reactjam\\src\\components\\actions\\ActionButton.jsx": {"path":"C:\\Users\\jen\\Documents\\GitHub\\reactjam\\src\\components\\actions\\ActionButton.jsx","statementMap":{"0":{"start":{"line":7,"column":21},"end":{"line":78,"column":1}},"1":{"start":{"line":16,"column":20},"end":{"line":16,"column":66}},"2":{"start":{"line":17,"column":21},"end":{"line":17,"column":55}},"3":{"start":{"line":19,"column":22},"end":{"line":21,"column":15}},"4":{"start":{"line":20,"column":4},"end":{"line":20,"column":26}},"5":{"start":{"line":20,"column":17},"end":{"line":20,"column":26}},"6":{"start":{"line":23,"column":23},"end":{"line":25,"column":16}},"7":{"start":{"line":24,"column":4},"end":{"line":24,"column":28}},"8":{"start":{"line":24,"column":18},"end":{"line":24,"column":28}},"9":{"start":{"line":27,"column":24},"end":{"line":32,"column":15}},"10":{"start":{"line":28,"column":4},"end":{"line":31,"column":5}},"11":{"start":{"line":29,"column":6},"end":{"line":29,"column":24}},"12":{"start":{"line":30,"column":6},"end":{"line":30,"column":28}},"13":{"start":{"line":30,"column":19},"end":{"line":30,"column":28}},"14":{"start":{"line":34,"column":30},"end":{"line":39,"column":16}},"15":{"start":{"line":35,"column":4},"end":{"line":38,"column":5}},"16":{"start":{"line":36,"column":6},"end":{"line":36,"column":24}},"17":{"start":{"line":37,"column":6},"end":{"line":37,"column":30}},"18":{"start":{"line":37,"column":20},"end":{"line":37,"column":30}},"19":{"start":{"line":41,"column":2},"end":{"line":47,"column":3}},"20":{"start":{"line":42,"column":4},"end":{"line":46,"column":5}},"21":{"start":{"line":49,"column":2},"end":{"line":65,"column":3}},"22":{"start":{"line":50,"column":4},"end":{"line":64,"column":5}},"23":{"start":{"line":67,"column":2},"end":{"line":77,"column":3}},"24":{"start":{"line":80,"column":0},"end":{"line":88,"column":1}},"25":{"start":{"line":90,"column":0},"end":{"line":90,"column":41}}},"fnMap":{"0":{"name":"(anonymous_0)","decl":{"start":{"line":7,"column":21},"end":{"line":7,"column":22}},"loc":{"start":{"line":15,"column":6},"end":{"line":78,"column":1}},"line":15},"1":{"name":"(anonymous_1)","decl":{"start":{"line":19,"column":34},"end":{"line":19,"column":35}},"loc":{"start":{"line":19,"column":40},"end":{"line":21,"column":3}},"line":19},"2":{"name":"(anonymous_2)","decl":{"start":{"line":23,"column":35},"end":{"line":23,"column":36}},"loc":{"start":{"line":23,"column":41},"end":{"line":25,"column":3}},"line":23},"3":{"name":"(anonymous_3)","decl":{"start":{"line":27,"column":36},"end":{"line":27,"column":37}},"loc":{"start":{"line":27,"column":43},"end":{"line":32,"column":3}},"line":27},"4":{"name":"(anonymous_4)","decl":{"start":{"line":34,"column":42},"end":{"line":34,"column":43}},"loc":{"start":{"line":34,"column":49},"end":{"line":39,"column":3}},"line":34}},"branchMap":{"0":{"loc":{"start":{"line":10,"column":2},"end":{"line":10,"column":18}},"type":"default-arg","locations":[{"start":{"line":10,"column":14},"end":{"line":10,"column":18}}],"line":10},"1":{"loc":{"start":{"line":13,"column":2},"end":{"line":13,"column":16}},"type":"default-arg","locations":[{"start":{"line":13,"column":14},"end":{"line":13,"column":16}}],"line":13},"2":{"loc":{"start":{"line":16,"column":20},"end":{"line":16,"column":66}},"type":"cond-expr","locations":[{"start":{"line":16,"column":31},"end":{"line":16,"column":46}},{"start":{"line":16,"column":49},"end":{"line":16,"column":66}}],"line":16},"3":{"loc":{"start":{"line":20,"column":4},"end":{"line":20,"column":26}},"type":"if","locations":[{"start":{"line":20,"column":4},"end":{"line":20,"column":26}},{"start":{},"end":{}}],"line":20},"4":{"loc":{"start":{"line":24,"column":4},"end":{"line":24,"column":28}},"type":"if","locations":[{"start":{"line":24,"column":4},"end":{"line":24,"column":28}},{"start":{},"end":{}}],"line":24},"5":{"loc":{"start":{"line":28,"column":4},"end":{"line":31,"column":5}},"type":"if","locations":[{"start":{"line":28,"column":4},"end":{"line":31,"column":5}},{"start":{},"end":{}}],"line":28},"6":{"loc":{"start":{"line":28,"column":8},"end":{"line":28,"column":42}},"type":"binary-expr","locations":[{"start":{"line":28,"column":8},"end":{"line":28,"column":25}},{"start":{"line":28,"column":29},"end":{"line":28,"column":42}}],"line":28},"7":{"loc":{"start":{"line":30,"column":6},"end":{"line":30,"column":28}},"type":"if","locations":[{"start":{"line":30,"column":6},"end":{"line":30,"column":28}},{"start":{},"end":{}}],"line":30},"8":{"loc":{"start":{"line":35,"column":4},"end":{"line":38,"column":5}},"type":"if","locations":[{"start":{"line":35,"column":4},"end":{"line":38,"column":5}},{"start":{},"end":{}}],"line":35},"9":{"loc":{"start":{"line":35,"column":8},"end":{"line":35,"column":42}},"type":"binary-expr","locations":[{"start":{"line":35,"column":8},"end":{"line":35,"column":25}},{"start":{"line":35,"column":29},"end":{"line":35,"column":42}}],"line":35},"10":{"loc":{"start":{"line":37,"column":6},"end":{"line":37,"column":30}},"type":"if","locations":[{"start":{"line":37,"column":6},"end":{"line":37,"column":30}},{"start":{},"end":{}}],"line":37},"11":{"loc":{"start":{"line":41,"column":2},"end":{"line":47,"column":3}},"type":"if","locations":[{"start":{"line":41,"column":2},"end":{"line":47,"column":3}},{"start":{},"end":{}}],"line":41},"12":{"loc":{"start":{"line":44,"column":9},"end":{"line":44,"column":27}},"type":"binary-expr","locations":[{"start":{"line":44,"column":9},"end":{"line":44,"column":17}},{"start":{"line":44,"column":21},"end":{"line":44,"column":27}}],"line":44},"13":{"loc":{"start":{"line":49,"column":2},"end":{"line":65,"column":3}},"type":"if","locations":[{"start":{"line":49,"column":2},"end":{"line":65,"column":3}},{"start":{},"end":{}}],"line":49},"14":{"loc":{"start":{"line":52,"column":38},"end":{"line":52,"column":56}},"type":"binary-expr","locations":[{"start":{"line":52,"column":38},"end":{"line":52,"column":46}},{"start":{"line":52,"column":50},"end":{"line":52,"column":56}}],"line":52},"15":{"loc":{"start":{"line":75,"column":7},"end":{"line":75,"column":25}},"type":"binary-expr","locations":[{"start":{"line":75,"column":7},"end":{"line":75,"column":15}},{"start":{"line":75,"column":19},"end":{"line":75,"column":25}}],"line":75}},"s":{"0":3,"1":46,"2":46,"3":46,"4":3,"5":3,"6":46,"7":2,"8":2,"9":46,"10":2,"11":2,"12":2,"13":2,"14":46,"15":1,"16":1,"17":1,"18":1,"19":46,"20":12,"21":34,"22":5,"23":29,"24":3,"25":3},"f":{"0":46,"1":3,"2":2,"3":2,"4":1},"b":{"0":[21],"1":[31],"2":[5,41],"3":[3,0],"4":[2,0],"5":[2,0],"6":[2,1],"7":[2,0],"8":[1,0],"9":[1,0],"10":[1,0],"11":[12,34],"12":[12,2],"13":[5,29],"14":[5,5],"15":[29,24]},"_coverageSchema":"1a1c01bbd47fc00a2c39e90264f33305004495a9","hash":"b4afdf4c1cf7e32024fc32432e2a98950f64036e"}
,"C:\\Users\\jen\\Documents\\GitHub\\reactjam\\src\\components\\actions\\ActionList.jsx": {"path":"C:\\Users\\jen\\Documents\\GitHub\\reactjam\\src\\components\\actions\\ActionList.jsx","statementMap":{"0":{"start":{"line":8,"column":19},"end":{"line":38,"column":1}},"1":{"start":{"line":17,"column":2},"end":{"line":37,"column":3}},"2":{"start":{"line":20,"column":8},"end":{"line":27,"column":13}},"3":{"start":{"line":24,"column":27},"end":{"line":24,"column":49}},"4":{"start":{"line":40,"column":0},"end":{"line":48,"column":1}}},"fnMap":{"0":{"name":"(anonymous_0)","decl":{"start":{"line":8,"column":19},"end":{"line":8,"column":20}},"loc":{"start":{"line":16,"column":6},"end":{"line":38,"column":1}},"line":16},"1":{"name":"(anonymous_1)","decl":{"start":{"line":19,"column":19},"end":{"line":19,"column":20}},"loc":{"start":{"line":20,"column":8},"end":{"line":27,"column":13}},"line":20},"2":{"name":"(anonymous_2)","decl":{"start":{"line":24,"column":21},"end":{"line":24,"column":22}},"loc":{"start":{"line":24,"column":27},"end":{"line":24,"column":49}},"line":24}},"branchMap":{},"s":{"0":1,"1":7,"2":21,"3":1,"4":1},"f":{"0":7,"1":21,"2":1},"b":{},"_coverageSchema":"1a1c01bbd47fc00a2c39e90264f33305004495a9","hash":"fd48694934bdb1c9ab96a512309eaf6dfd9905b0"}
,"C:\\Users\\jen\\Documents\\GitHub\\reactjam\\src\\components\\actions\\LeaveButton.jsx": {"path":"C:\\Users\\jen\\Documents\\GitHub\\reactjam\\src\\components\\actions\\LeaveButton.jsx","statementMap":{"0":{"start":{"line":7,"column":20},"end":{"line":31,"column":1}},"1":{"start":{"line":13,"column":2},"end":{"line":15,"column":3}},"2":{"start":{"line":14,"column":4},"end":{"line":14,"column":15}},"3":{"start":{"line":17,"column":20},"end":{"line":17,"column":42}},"4":{"start":{"line":18,"column":21},"end":{"line":18,"column":59}},"5":{"start":{"line":20,"column":2},"end":{"line":30,"column":3}},"6":{"start":{"line":33,"column":0},"end":{"line":38,"column":1}}},"fnMap":{"0":{"name":"(anonymous_0)","decl":{"start":{"line":7,"column":20},"end":{"line":7,"column":21}},"loc":{"start":{"line":12,"column":6},"end":{"line":31,"column":1}},"line":12}},"branchMap":{"0":{"loc":{"start":{"line":9,"column":2},"end":{"line":9,"column":18}},"type":"default-arg","locations":[{"start":{"line":9,"column":14},"end":{"line":9,"column":18}}],"line":9},"1":{"loc":{"start":{"line":11,"column":2},"end":{"line":11,"column":16}},"type":"default-arg","locations":[{"start":{"line":11,"column":14},"end":{"line":11,"column":16}}],"line":11},"2":{"loc":{"start":{"line":13,"column":2},"end":{"line":15,"column":3}},"type":"if","locations":[{"start":{"line":13,"column":2},"end":{"line":15,"column":3}},{"start":{},"end":{}}],"line":13},"3":{"loc":{"start":{"line":18,"column":21},"end":{"line":18,"column":59}},"type":"cond-expr","locations":[{"start":{"line":18,"column":33},"end":{"line":18,"column":39}},{"start":{"line":18,"column":42},"end":{"line":18,"column":59}}],"line":18}},"s":{"0":2,"1":16,"2":2,"3":14,"4":14,"5":14,"6":2},"f":{"0":16},"b":{"0":[8],"1":[15],"2":[2,14],"3":[4,10]},"_coverageSchema":"1a1c01bbd47fc00a2c39e90264f33305004495a9","hash":"48e699858747389f37462792ecf7d8f5ab43cd7b"}
,"C:\\Users\\jen\\Documents\\GitHub\\reactjam\\src\\components\\error\\GameErrorBoundary.jsx": {"path":"C:\\Users\\jen\\Documents\\GitHub\\reactjam\\src\\components\\error\\GameErrorBoundary.jsx","statementMap":{"0":{"start":{"line":9,"column":4},"end":{"line":9,"column":16}},"1":{"start":{"line":10,"column":4},"end":{"line":10,"column":66}},"2":{"start":{"line":14,"column":4},"end":{"line":14,"column":29}},"3":{"start":{"line":18,"column":4},"end":{"line":18,"column":75}},"4":{"start":{"line":19,"column":4},"end":{"line":22,"column":6}},"5":{"start":{"line":25,"column":16},"end":{"line":29,"column":3}},"6":{"start":{"line":26,"column":4},"end":{"line":26,"column":68}},"7":{"start":{"line":28,"column":4},"end":{"line":28,"column":28}},"8":{"start":{"line":32,"column":4},"end":{"line":50,"column":5}},"9":{"start":{"line":33,"column":6},"end":{"line":49,"column":7}},"10":{"start":{"line":52,"column":4},"end":{"line":52,"column":30}},"11":{"start":{"line":56,"column":0},"end":{"line":58,"column":1}}},"fnMap":{"0":{"name":"(anonymous_0)","decl":{"start":{"line":8,"column":2},"end":{"line":8,"column":3}},"loc":{"start":{"line":8,"column":21},"end":{"line":11,"column":3}},"line":8},"1":{"name":"(anonymous_1)","decl":{"start":{"line":13,"column":2},"end":{"line":13,"column":3}},"loc":{"start":{"line":13,"column":41},"end":{"line":15,"column":3}},"line":13},"2":{"name":"(anonymous_2)","decl":{"start":{"line":17,"column":2},"end":{"line":17,"column":3}},"loc":{"start":{"line":17,"column":38},"end":{"line":23,"column":3}},"line":17},"3":{"name":"(anonymous_3)","decl":{"start":{"line":25,"column":16},"end":{"line":25,"column":17}},"loc":{"start":{"line":25,"column":22},"end":{"line":29,"column":3}},"line":25},"4":{"name":"(anonymous_4)","decl":{"start":{"line":31,"column":2},"end":{"line":31,"column":3}},"loc":{"start":{"line":31,"column":11},"end":{"line":53,"column":3}},"line":31}},"branchMap":{"0":{"loc":{"start":{"line":32,"column":4},"end":{"line":50,"column":5}},"type":"if","locations":[{"start":{"line":32,"column":4},"end":{"line":50,"column":5}},{"start":{},"end":{}}],"line":32},"1":{"loc":{"start":{"line":40,"column":11},"end":{"line":47,"column":11}},"type":"binary-expr","locations":[{"start":{"line":40,"column":11},"end":{"line":40,"column":49}},{"start":{"line":41,"column":12},"end":{"line":46,"column":22}}],"line":40},"2":{"loc":{"start":{"line":43,"column":15},"end":{"line":43,"column":62}},"type":"binary-expr","locations":[{"start":{"line":43,"column":15},"end":{"line":43,"column":31}},{"start":{"line":43,"column":35},"end":{"line":43,"column":62}}],"line":43}},"s":{"0":0,"1":0,"2":0,"3":0,"4":0,"5":0,"6":0,"7":0,"8":0,"9":0,"10":0,"11":0},"f":{"0":0,"1":0,"2":0,"3":0,"4":0},"b":{"0":[0,0],"1":[0,0],"2":[0,0]}}
,"C:\\Users\\jen\\Documents\\GitHub\\reactjam\\src\\components\\error\\RoomErrorBoundary.jsx": {"path":"C:\\Users\\jen\\Documents\\GitHub\\reactjam\\src\\components\\error\\RoomErrorBoundary.jsx","statementMap":{"0":{"start":{"line":9,"column":4},"end":{"line":9,"column":16}},"1":{"start":{"line":10,"column":4},"end":{"line":10,"column":49}},"2":{"start":{"line":14,"column":4},"end":{"line":14,"column":29}},"3":{"start":{"line":18,"column":4},"end":{"line":18,"column":75}},"4":{"start":{"line":19,"column":4},"end":{"line":19,"column":28}},"5":{"start":{"line":22,"column":16},"end":{"line":24,"column":3}},"6":{"start":{"line":23,"column":4},"end":{"line":23,"column":51}},"7":{"start":{"line":27,"column":4},"end":{"line":43,"column":5}},"8":{"start":{"line":28,"column":6},"end":{"line":42,"column":7}},"9":{"start":{"line":45,"column":4},"end":{"line":45,"column":30}},"10":{"start":{"line":49,"column":0},"end":{"line":51,"column":1}}},"fnMap":{"0":{"name":"(anonymous_0)","decl":{"start":{"line":8,"column":2},"end":{"line":8,"column":3}},"loc":{"start":{"line":8,"column":21},"end":{"line":11,"column":3}},"line":8},"1":{"name":"(anonymous_1)","decl":{"start":{"line":13,"column":2},"end":{"line":13,"column":3}},"loc":{"start":{"line":13,"column":41},"end":{"line":15,"column":3}},"line":13},"2":{"name":"(anonymous_2)","decl":{"start":{"line":17,"column":2},"end":{"line":17,"column":3}},"loc":{"start":{"line":17,"column":38},"end":{"line":20,"column":3}},"line":17},"3":{"name":"(anonymous_3)","decl":{"start":{"line":22,"column":16},"end":{"line":22,"column":17}},"loc":{"start":{"line":22,"column":22},"end":{"line":24,"column":3}},"line":22},"4":{"name":"(anonymous_4)","decl":{"start":{"line":26,"column":2},"end":{"line":26,"column":3}},"loc":{"start":{"line":26,"column":11},"end":{"line":46,"column":3}},"line":26}},"branchMap":{"0":{"loc":{"start":{"line":27,"column":4},"end":{"line":43,"column":5}},"type":"if","locations":[{"start":{"line":27,"column":4},"end":{"line":43,"column":5}},{"start":{},"end":{}}],"line":27},"1":{"loc":{"start":{"line":35,"column":11},"end":{"line":40,"column":11}},"type":"binary-expr","locations":[{"start":{"line":35,"column":11},"end":{"line":35,"column":49}},{"start":{"line":36,"column":12},"end":{"line":39,"column":22}}],"line":35},"2":{"loc":{"start":{"line":38,"column":15},"end":{"line":38,"column":62}},"type":"binary-expr","locations":[{"start":{"line":38,"column":15},"end":{"line":38,"column":31}},{"start":{"line":38,"column":35},"end":{"line":38,"column":62}}],"line":38}},"s":{"0":0,"1":0,"2":0,"3":0,"4":0,"5":0,"6":0,"7":0,"8":0,"9":0,"10":0},"f":{"0":0,"1":0,"2":0,"3":0,"4":0},"b":{"0":[0,0],"1":[0,0],"2":[0,0]}}
,"C:\\Users\\jen\\Documents\\GitHub\\reactjam\\src\\components\\movement\\ExitButton.jsx": {"path":"C:\\Users\\jen\\Documents\\GitHub\\reactjam\\src\\components\\movement\\ExitButton.jsx","statementMap":{"0":{"start":{"line":6,"column":19},"end":{"line":20,"column":1}},"1":{"start":{"line":7,"column":19},"end":{"line":7,"column":38}},"2":{"start":{"line":9,"column":2},"end":{"line":19,"column":3}},"3":{"start":{"line":15,"column":23},"end":{"line":15,"column":36}},"4":{"start":{"line":22,"column":0},"end":{"line":30,"column":1}}},"fnMap":{"0":{"name":"(anonymous_0)","decl":{"start":{"line":6,"column":19},"end":{"line":6,"column":20}},"loc":{"start":{"line":6,"column":58},"end":{"line":20,"column":1}},"line":6},"1":{"name":"(anonymous_1)","decl":{"start":{"line":15,"column":17},"end":{"line":15,"column":18}},"loc":{"start":{"line":15,"column":23},"end":{"line":15,"column":36}},"line":15}},"branchMap":{"0":{"loc":{"start":{"line":6,"column":37},"end":{"line":6,"column":51}},"type":"default-arg","locations":[{"start":{"line":6,"column":49},"end":{"line":6,"column":51}}],"line":6},"1":{"loc":{"start":{"line":7,"column":19},"end":{"line":7,"column":38}},"type":"binary-expr","locations":[{"start":{"line":7,"column":19},"end":{"line":7,"column":29}},{"start":{"line":7,"column":33},"end":{"line":7,"column":38}}],"line":7}},"s":{"0":0,"1":0,"2":0,"3":0,"4":0},"f":{"0":0,"1":0},"b":{"0":[0],"1":[0,0]}}
,"C:\\Users\\jen\\Documents\\GitHub\\reactjam\\src\\components\\movement\\MovementGrid.jsx": {"path":"C:\\Users\\jen\\Documents\\GitHub\\reactjam\\src\\components\\movement\\MovementGrid.jsx","statementMap":{"0":{"start":{"line":8,"column":21},"end":{"line":39,"column":1}},"1":{"start":{"line":10,"column":15},"end":{"line":14,"column":3}},"2":{"start":{"line":16,"column":17},"end":{"line":16,"column":52}},"3":{"start":{"line":16,"column":23},"end":{"line":16,"column":52}},"4":{"start":{"line":18,"column":2},"end":{"line":38,"column":3}},"5":{"start":{"line":22,"column":10},"end":{"line":34,"column":15}},"6":{"start":{"line":24,"column":14},"end":{"line":32,"column":15}},"7":{"start":{"line":41,"column":0},"end":{"line":46,"column":1}}},"fnMap":{"0":{"name":"(anonymous_0)","decl":{"start":{"line":8,"column":21},"end":{"line":8,"column":22}},"loc":{"start":{"line":8,"column":72},"end":{"line":39,"column":1}},"line":8},"1":{"name":"(anonymous_1)","decl":{"start":{"line":16,"column":17},"end":{"line":16,"column":18}},"loc":{"start":{"line":16,"column":23},"end":{"line":16,"column":52}},"line":16},"2":{"name":"(anonymous_2)","decl":{"start":{"line":21,"column":18},"end":{"line":21,"column":19}},"loc":{"start":{"line":22,"column":10},"end":{"line":34,"column":15}},"line":22},"3":{"name":"(anonymous_3)","decl":{"start":{"line":23,"column":21},"end":{"line":23,"column":22}},"loc":{"start":{"line":24,"column":14},"end":{"line":32,"column":15}},"line":24}},"branchMap":{"0":{"loc":{"start":{"line":8,"column":51},"end":{"line":8,"column":65}},"type":"default-arg","locations":[{"start":{"line":8,"column":63},"end":{"line":8,"column":65}}],"line":8},"1":{"loc":{"start":{"line":24,"column":14},"end":{"line":32,"column":15}},"type":"cond-expr","locations":[{"start":{"line":25,"column":16},"end":{"line":29,"column":18}},{"start":{"line":31,"column":16},"end":{"line":31,"column":37}}],"line":24}},"s":{"0":0,"1":0,"2":0,"3":0,"4":0,"5":0,"6":0,"7":0},"f":{"0":0,"1":0,"2":0,"3":0},"b":{"0":[0],"1":[0,0]}}
,"C:\\Users\\jen\\Documents\\GitHub\\reactjam\\src\\components\\tasks\\TaskItem.jsx": {"path":"C:\\Users\\jen\\Documents\\GitHub\\reactjam\\src\\components\\tasks\\TaskItem.jsx","statementMap":{"0":{"start":{"line":7,"column":17},"end":{"line":16,"column":1}},"1":{"start":{"line":8,"column":20},"end":{"line":8,"column":55}},"2":{"start":{"line":9,"column":21},"end":{"line":9,"column":55}},"3":{"start":{"line":11,"column":2},"end":{"line":15,"column":3}},"4":{"start":{"line":18,"column":0},"end":{"line":25,"column":1}},"5":{"start":{"line":27,"column":0},"end":{"line":27,"column":33}}},"fnMap":{"0":{"name":"(anonymous_0)","decl":{"start":{"line":7,"column":17},"end":{"line":7,"column":18}},"loc":{"start":{"line":7,"column":60},"end":{"line":16,"column":1}},"line":7}},"branchMap":{"0":{"loc":{"start":{"line":7,"column":39},"end":{"line":7,"column":53}},"type":"default-arg","locations":[{"start":{"line":7,"column":51},"end":{"line":7,"column":53}}],"line":7},"1":{"loc":{"start":{"line":8,"column":20},"end":{"line":8,"column":55}},"type":"cond-expr","locations":[{"start":{"line":8,"column":34},"end":{"line":8,"column":50}},{"start":{"line":8,"column":53},"end":{"line":8,"column":55}}],"line":8}},"s":{"0":2,"1":17,"2":17,"3":17,"4":2,"5":2},"f":{"0":17},"b":{"0":[16],"1":[9,8]},"_coverageSchema":"1a1c01bbd47fc00a2c39e90264f33305004495a9","hash":"67aff388d8be02c589234b28df838d615941e0f7"}
,"C:\\Users\\jen\\Documents\\GitHub\\reactjam\\src\\components\\tasks\\TaskList.jsx": {"path":"C:\\Users\\jen\\Documents\\GitHub\\reactjam\\src\\components\\tasks\\TaskList.jsx","statementMap":{"0":{"start":{"line":7,"column":17},"end":{"line":19,"column":1}},"1":{"start":{"line":8,"column":2},"end":{"line":18,"column":3}},"2":{"start":{"line":11,"column":8},"end":{"line":15,"column":10}},"3":{"start":{"line":21,"column":0},"end":{"line":30,"column":1}}},"fnMap":{"0":{"name":"(anonymous_0)","decl":{"start":{"line":7,"column":17},"end":{"line":7,"column":18}},"loc":{"start":{"line":7,"column":62},"end":{"line":19,"column":1}},"line":7},"1":{"name":"(anonymous_1)","decl":{"start":{"line":10,"column":17},"end":{"line":10,"column":18}},"loc":{"start":{"line":11,"column":8},"end":{"line":15,"column":10}},"line":11}},"branchMap":{"0":{"loc":{"start":{"line":7,"column":41},"end":{"line":7,"column":55}},"type":"default-arg","locations":[{"start":{"line":7,"column":53},"end":{"line":7,"column":55}}],"line":7}},"s":{"0":1,"1":5,"2":12,"3":1},"f":{"0":5,"1":12},"b":{"0":[4]},"_coverageSchema":"1a1c01bbd47fc00a2c39e90264f33305004495a9","hash":"d61120344e9ce9d29d4742e940d7f44b005cc1c0"}
,"C:\\Users\\jen\\Documents\\GitHub\\reactjam\\src\\components\\viewport\\GameStage.jsx": {"path":"C:\\Users\\jen\\Documents\\GitHub\\reactjam\\src\\components\\viewport\\GameStage.jsx","statementMap":{"0":{"start":{"line":8,"column":18},"end":{"line":31,"column":1}},"1":{"start":{"line":14,"column":22},"end":{"line":14,"column":82}},"2":{"start":{"line":15,"column":21},"end":{"line":15,"column":57}},"3":{"start":{"line":17,"column":2},"end":{"line":30,"column":3}},"4":{"start":{"line":33,"column":0},"end":{"line":38,"column":1}}},"fnMap":{"0":{"name":"(anonymous_0)","decl":{"start":{"line":8,"column":18},"end":{"line":8,"column":19}},"loc":{"start":{"line":13,"column":6},"end":{"line":31,"column":1}},"line":13}},"branchMap":{"0":{"loc":{"start":{"line":12,"column":2},"end":{"line":12,"column":16}},"type":"default-arg","locations":[{"start":{"line":12,"column":14},"end":{"line":12,"column":16}}],"line":12},"1":{"loc":{"start":{"line":14,"column":22},"end":{"line":14,"column":82}},"type":"cond-expr","locations":[{"start":{"line":14,"column":52},"end":{"line":14,"column":77}},{"start":{"line":14,"column":80},"end":{"line":14,"column":82}}],"line":14}},"s":{"0":0,"1":0,"2":0,"3":0,"4":0},"f":{"0":0},"b":{"0":[0],"1":[0,0]}}
,"C:\\Users\\jen\\Documents\\GitHub\\reactjam\\src\\components\\viewport\\InteractableList.jsx": {"path":"C:\\Users\\jen\\Documents\\GitHub\\reactjam\\src\\components\\viewport\\InteractableList.jsx","statementMap":{"0":{"start":{"line":8,"column":25},"end":{"line":24,"column":1}},"1":{"start":{"line":9,"column":2},"end":{"line":11,"column":3}},"2":{"start":{"line":10,"column":4},"end":{"line":10,"column":15}},"3":{"start":{"line":13,"column":31},"end":{"line":21,"column":3}},"4":{"start":{"line":14,"column":4},"end":{"line":20,"column":6}},"5":{"start":{"line":15,"column":6},"end":{"line":19,"column":8}},"6":{"start":{"line":23,"column":2},"end":{"line":23,"column":36}},"7":{"start":{"line":26,"column":0},"end":{"line":39,"column":1}},"8":{"start":{"line":41,"column":0},"end":{"line":41,"column":49}}},"fnMap":{"0":{"name":"(anonymous_0)","decl":{"start":{"line":8,"column":25},"end":{"line":8,"column":26}},"loc":{"start":{"line":8,"column":63},"end":{"line":24,"column":1}},"line":8},"1":{"name":"(anonymous_1)","decl":{"start":{"line":13,"column":39},"end":{"line":13,"column":40}},"loc":{"start":{"line":14,"column":4},"end":{"line":20,"column":6}},"line":14},"2":{"name":"(anonymous_2)","decl":{"start":{"line":14,"column":22},"end":{"line":14,"column":23}},"loc":{"start":{"line":15,"column":6},"end":{"line":19,"column":8}},"line":15}},"branchMap":{"0":{"loc":{"start":{"line":9,"column":2},"end":{"line":11,"column":3}},"type":"if","locations":[{"start":{"line":9,"column":2},"end":{"line":11,"column":3}},{"start":{},"end":{}}],"line":9},"1":{"loc":{"start":{"line":9,"column":6},"end":{"line":9,"column":50}},"type":"binary-expr","locations":[{"start":{"line":9,"column":6},"end":{"line":9,"column":20}},{"start":{"line":9,"column":24},"end":{"line":9,"column":50}}],"line":9}},"s":{"0":1,"1":4,"2":3,"3":1,"4":1,"5":2,"6":1,"7":1,"8":1},"f":{"0":4,"1":1,"2":2},"b":{"0":[3,1],"1":[4,2]},"_coverageSchema":"1a1c01bbd47fc00a2c39e90264f33305004495a9","hash":"1c15b66e9adf76c81cdd43ec31b30eafe75a4558"}
,"C:\\Users\\jen\\Documents\\GitHub\\reactjam\\src\\components\\viewport\\RoomRenderer.jsx": {"path":"C:\\Users\\jen\\Documents\\GitHub\\reactjam\\src\\components\\viewport\\RoomRenderer.jsx","statementMap":{"0":{"start":{"line":8,"column":21},"end":{"line":18,"column":1}},"1":{"start":{"line":9,"column":2},"end":{"line":11,"column":3}},"2":{"start":{"line":10,"column":4},"end":{"line":10,"column":15}},"3":{"start":{"line":13,"column":2},"end":{"line":15,"column":3}},"4":{"start":{"line":14,"column":4},"end":{"line":14,"column":50}},"5":{"start":{"line":17,"column":2},"end":{"line":17,"column":49}},"6":{"start":{"line":20,"column":0},"end":{"line":30,"column":1}}},"fnMap":{"0":{"name":"(anonymous_0)","decl":{"start":{"line":8,"column":21},"end":{"line":8,"column":22}},"loc":{"start":{"line":8,"column":42},"end":{"line":18,"column":1}},"line":8}},"branchMap":{"0":{"loc":{"start":{"line":9,"column":2},"end":{"line":11,"column":3}},"type":"if","locations":[{"start":{"line":9,"column":2},"end":{"line":11,"column":3}},{"start":{},"end":{}}],"line":9},"1":{"loc":{"start":{"line":13,"column":2},"end":{"line":15,"column":3}},"type":"if","locations":[{"start":{"line":13,"column":2},"end":{"line":15,"column":3}},{"start":{},"end":{}}],"line":13}},"s":{"0":0,"1":0,"2":0,"3":0,"4":0,"5":0,"6":0},"f":{"0":0},"b":{"0":[0,0],"1":[0,0]}}
,"C:\\Users\\jen\\Documents\\GitHub\\reactjam\\src\\constants\\game.js": {"path":"C:\\Users\\jen\\Documents\\GitHub\\reactjam\\src\\constants\\game.js","statementMap":{"0":{"start":{"line":2,"column":30},"end":{"line":10,"column":1}},"1":{"start":{"line":13,"column":28},"end":{"line":17,"column":1}},"2":{"start":{"line":20,"column":31},"end":{"line":24,"column":1}},"3":{"start":{"line":27,"column":27},"end":{"line":30,"column":1}},"4":{"start":{"line":33,"column":26},"end":{"line":36,"column":1}}},"fnMap":{},"branchMap":{},"s":{"0":2,"1":2,"2":2,"3":2,"4":2},"f":{},"b":{},"_coverageSchema":"1a1c01bbd47fc00a2c39e90264f33305004495a9","hash":"0ab53fb2be9fd8040679e90fa840ad95423b9c1d"}
,"C:\\Users\\jen\\Documents\\GitHub\\reactjam\\src\\hooks\\useGameActions.js": {"path":"C:\\Users\\jen\\Documents\\GitHub\\reactjam\\src\\hooks\\useGameActions.js","statementMap":{"0":{"start":{"line":7,"column":30},"end":{"line":73,"column":1}},"1":{"start":{"line":8,"column":44},"end":{"line":8,"column":63}},"2":{"start":{"line":11,"column":29},"end":{"line":16,"column":3}},"3":{"start":{"line":12,"column":4},"end":{"line":12,"column":28}},"4":{"start":{"line":13,"column":24},"end":{"line":13,"column":69}},"5":{"start":{"line":14,"column":4},"end":{"line":14,"column":40}},"6":{"start":{"line":15,"column":4},"end":{"line":15,"column":21}},"7":{"start":{"line":19,"column":29},"end":{"line":23,"column":3}},"8":{"start":{"line":20,"column":4},"end":{"line":20,"column":31}},"9":{"start":{"line":21,"column":4},"end":{"line":21,"column":49}},"10":{"start":{"line":22,"column":4},"end":{"line":22,"column":27}},"11":{"start":{"line":26,"column":28},"end":{"line":45,"column":3}},"12":{"start":{"line":27,"column":4},"end":{"line":30,"column":5}},"13":{"start":{"line":28,"column":6},"end":{"line":28,"column":75}},"14":{"start":{"line":29,"column":6},"end":{"line":29,"column":33}},"15":{"start":{"line":32,"column":4},"end":{"line":44,"column":5}},"16":{"start":{"line":33,"column":23},"end":{"line":33,"column":82}},"17":{"start":{"line":35,"column":6},"end":{"line":35,"column":49}},"18":{"start":{"line":36,"column":6},"end":{"line":36,"column":33}},"19":{"start":{"line":39,"column":6},"end":{"line":43,"column":7}},"20":{"start":{"line":40,"column":8},"end":{"line":40,"column":25}},"21":{"start":{"line":42,"column":8},"end":{"line":42,"column":38}},"22":{"start":{"line":48,"column":28},"end":{"line":60,"column":3}},"23":{"start":{"line":49,"column":4},"end":{"line":59,"column":5}},"24":{"start":{"line":50,"column":27},"end":{"line":50,"column":58}},"25":{"start":{"line":51,"column":6},"end":{"line":51,"column":53}},"26":{"start":{"line":52,"column":6},"end":{"line":52,"column":25}},"27":{"start":{"line":53,"column":6},"end":{"line":53,"column":23}},"28":{"start":{"line":55,"column":6},"end":{"line":57,"column":8}},"29":{"start":{"line":58,"column":6},"end":{"line":58,"column":29}},"30":{"start":{"line":62,"column":2},"end":{"line":72,"column":3}}},"fnMap":{"0":{"name":"(anonymous_0)","decl":{"start":{"line":7,"column":30},"end":{"line":7,"column":31}},"loc":{"start":{"line":7,"column":111},"end":{"line":73,"column":1}},"line":7},"1":{"name":"(anonymous_1)","decl":{"start":{"line":11,"column":29},"end":{"line":11,"column":30}},"loc":{"start":{"line":11,"column":41},"end":{"line":16,"column":3}},"line":11},"2":{"name":"(anonymous_2)","decl":{"start":{"line":19,"column":29},"end":{"line":19,"column":30}},"loc":{"start":{"line":19,"column":57},"end":{"line":23,"column":3}},"line":19},"3":{"name":"(anonymous_3)","decl":{"start":{"line":26,"column":28},"end":{"line":26,"column":29}},"loc":{"start":{"line":26,"column":53},"end":{"line":45,"column":3}},"line":26},"4":{"name":"(anonymous_4)","decl":{"start":{"line":48,"column":28},"end":{"line":48,"column":29}},"loc":{"start":{"line":48,"column":84},"end":{"line":60,"column":3}},"line":48}},"branchMap":{"0":{"loc":{"start":{"line":27,"column":4},"end":{"line":30,"column":5}},"type":"if","locations":[{"start":{"line":27,"column":4},"end":{"line":30,"column":5}},{"start":{},"end":{}}],"line":27},"1":{"loc":{"start":{"line":32,"column":4},"end":{"line":44,"column":5}},"type":"if","locations":[{"start":{"line":32,"column":4},"end":{"line":44,"column":5}},{"start":{},"end":{}}],"line":32},"2":{"loc":{"start":{"line":39,"column":6},"end":{"line":43,"column":7}},"type":"if","locations":[{"start":{"line":39,"column":6},"end":{"line":43,"column":7}},{"start":{"line":41,"column":13},"end":{"line":43,"column":7}}],"line":39},"3":{"loc":{"start":{"line":49,"column":4},"end":{"line":59,"column":5}},"type":"if","locations":[{"start":{"line":49,"column":4},"end":{"line":59,"column":5}},{"start":{"line":54,"column":11},"end":{"line":59,"column":5}}],"line":49}},"s":{"0":1,"1":0,"2":0,"3":0,"4":0,"5":0,"6":0,"7":0,"8":0,"9":0,"10":0,"11":0,"12":0,"13":0,"14":0,"15":0,"16":0,"17":0,"18":0,"19":0,"20":0,"21":0,"22":0,"23":0,"24":0,"25":0,"26":0,"27":0,"28":0,"29":0,"30":0},"f":{"0":0,"1":0,"2":0,"3":0,"4":0},"b":{"0":[0,0],"1":[0,0],"2":[0,0],"3":[0,0]},"_coverageSchema":"1a1c01bbd47fc00a2c39e90264f33305004495a9","hash":"3b5561d7c6f656c3227cdf3e4f0da5f8f9228bf9"}
,"C:\\Users\\jen\\Documents\\GitHub\\reactjam\\src\\hooks\\useGameProvider.js": {"path":"C:\\Users\\jen\\Documents\\GitHub\\reactjam\\src\\hooks\\useGameProvider.js","statementMap":{"0":{"start":{"line":4,"column":31},"end":{"line":4,"column":60}},"1":{"start":{"line":4,"column":37},"end":{"line":4,"column":60}}},"fnMap":{"0":{"name":"(anonymous_0)","decl":{"start":{"line":4,"column":31},"end":{"line":4,"column":32}},"loc":{"start":{"line":4,"column":37},"end":{"line":4,"column":60}},"line":4}},"branchMap":{},"s":{"0":0,"1":0},"f":{"0":0},"b":{}}
,"C:\\Users\\jen\\Documents\\GitHub\\reactjam\\src\\hooks\\useGameSounds.js": {"path":"C:\\Users\\jen\\Documents\\GitHub\\reactjam\\src\\hooks\\useGameSounds.js","statementMap":{"0":{"start":{"line":11,"column":29},"end":{"line":56,"column":1}},"1":{"start":{"line":12,"column":42},"end":{"line":12,"column":79}},"2":{"start":{"line":14,"column":17},"end":{"line":14,"column":36}},"3":{"start":{"line":15,"column":23},"end":{"line":15,"column":65}},"4":{"start":{"line":16,"column":17},"end":{"line":16,"column":36}},"5":{"start":{"line":17,"column":17},"end":{"line":17,"column":54}},"6":{"start":{"line":18,"column":17},"end":{"line":18,"column":54}},"7":{"start":{"line":20,"column":19},"end":{"line":22,"column":3}},"8":{"start":{"line":21,"column":4},"end":{"line":21,"column":10}},"9":{"start":{"line":24,"column":25},"end":{"line":26,"column":3}},"10":{"start":{"line":25,"column":4},"end":{"line":25,"column":16}},"11":{"start":{"line":28,"column":19},"end":{"line":30,"column":3}},"12":{"start":{"line":29,"column":4},"end":{"line":29,"column":10}},"13":{"start":{"line":32,"column":19},"end":{"line":35,"column":3}},"14":{"start":{"line":33,"column":4},"end":{"line":33,"column":10}},"15":{"start":{"line":34,"column":4},"end":{"line":34,"column":48}},"16":{"start":{"line":37,"column":19},"end":{"line":41,"column":3}},"17":{"start":{"line":38,"column":4},"end":{"line":38,"column":10}},"18":{"start":{"line":40,"column":4},"end":{"line":40,"column":54}},"19":{"start":{"line":43,"column":32},"end":{"line":46,"column":3}},"20":{"start":{"line":44,"column":4},"end":{"line":44,"column":10}},"21":{"start":{"line":45,"column":4},"end":{"line":45,"column":54}},"22":{"start":{"line":48,"column":2},"end":{"line":55,"column":3}}},"fnMap":{"0":{"name":"(anonymous_0)","decl":{"start":{"line":11,"column":29},"end":{"line":11,"column":30}},"loc":{"start":{"line":11,"column":35},"end":{"line":56,"column":1}},"line":11},"1":{"name":"(anonymous_1)","decl":{"start":{"line":20,"column":19},"end":{"line":20,"column":20}},"loc":{"start":{"line":20,"column":25},"end":{"line":22,"column":3}},"line":20},"2":{"name":"(anonymous_2)","decl":{"start":{"line":24,"column":25},"end":{"line":24,"column":26}},"loc":{"start":{"line":24,"column":31},"end":{"line":26,"column":3}},"line":24},"3":{"name":"(anonymous_3)","decl":{"start":{"line":28,"column":19},"end":{"line":28,"column":20}},"loc":{"start":{"line":28,"column":25},"end":{"line":30,"column":3}},"line":28},"4":{"name":"(anonymous_4)","decl":{"start":{"line":32,"column":19},"end":{"line":32,"column":20}},"loc":{"start":{"line":32,"column":25},"end":{"line":35,"column":3}},"line":32},"5":{"name":"(anonymous_5)","decl":{"start":{"line":37,"column":19},"end":{"line":37,"column":20}},"loc":{"start":{"line":37,"column":25},"end":{"line":41,"column":3}},"line":37},"6":{"name":"(anonymous_6)","decl":{"start":{"line":43,"column":32},"end":{"line":43,"column":33}},"loc":{"start":{"line":43,"column":38},"end":{"line":46,"column":3}},"line":43}},"branchMap":{},"s":{"0":1,"1":0,"2":0,"3":0,"4":0,"5":0,"6":0,"7":0,"8":0,"9":0,"10":0,"11":0,"12":0,"13":0,"14":0,"15":0,"16":0,"17":0,"18":0,"19":0,"20":0,"21":0,"22":0},"f":{"0":0,"1":0,"2":0,"3":0,"4":0,"5":0,"6":0},"b":{},"_coverageSchema":"1a1c01bbd47fc00a2c39e90264f33305004495a9","hash":"fd807680342e298b5588a5d28ddc68044e70d4af"}
,"C:\\Users\\jen\\Documents\\GitHub\\reactjam\\src\\hooks\\useGameState.js": {"path":"C:\\Users\\jen\\Documents\\GitHub\\reactjam\\src\\hooks\\useGameState.js","statementMap":{"0":{"start":{"line":6,"column":28},"end":{"line":72,"column":1}},"1":{"start":{"line":7,"column":40},"end":{"line":7,"column":69}},"2":{"start":{"line":8,"column":42},"end":{"line":8,"column":66}},"3":{"start":{"line":11,"column":25},"end":{"line":18,"column":3}},"4":{"start":{"line":12,"column":18},"end":{"line":12,"column":47}},"5":{"start":{"line":13,"column":4},"end":{"line":17,"column":5}},"6":{"start":{"line":14,"column":25},"end":{"line":14,"column":42}},"7":{"start":{"line":15,"column":6},"end":{"line":15,"column":32}},"8":{"start":{"line":16,"column":6},"end":{"line":16,"column":35}},"9":{"start":{"line":21,"column":28},"end":{"line":21,"column":53}},"10":{"start":{"line":21,"column":34},"end":{"line":21,"column":53}},"11":{"start":{"line":24,"column":25},"end":{"line":27,"column":3}},"12":{"start":{"line":25,"column":4},"end":{"line":25,"column":59}},"13":{"start":{"line":25,"column":27},"end":{"line":25,"column":58}},"14":{"start":{"line":29,"column":25},"end":{"line":32,"column":3}},"15":{"start":{"line":30,"column":4},"end":{"line":30,"column":48}},"16":{"start":{"line":35,"column":25},"end":{"line":43,"column":3}},"17":{"start":{"line":36,"column":20},"end":{"line":36,"column":34}},"18":{"start":{"line":37,"column":4},"end":{"line":41,"column":5}},"19":{"start":{"line":38,"column":6},"end":{"line":38,"column":29}},"20":{"start":{"line":39,"column":6},"end":{"line":39,"column":29}},"21":{"start":{"line":40,"column":6},"end":{"line":40,"column":20}},"22":{"start":{"line":42,"column":4},"end":{"line":42,"column":15}},"23":{"start":{"line":46,"column":22},"end":{"line":48,"column":3}},"24":{"start":{"line":47,"column":4},"end":{"line":47,"column":37}},"25":{"start":{"line":51,"column":18},"end":{"line":53,"column":3}},"26":{"start":{"line":52,"column":4},"end":{"line":52,"column":33}},"27":{"start":{"line":55,"column":2},"end":{"line":71,"column":3}}},"fnMap":{"0":{"name":"(anonymous_0)","decl":{"start":{"line":6,"column":28},"end":{"line":6,"column":29}},"loc":{"start":{"line":6,"column":60},"end":{"line":72,"column":1}},"line":6},"1":{"name":"(anonymous_1)","decl":{"start":{"line":11,"column":25},"end":{"line":11,"column":26}},"loc":{"start":{"line":11,"column":38},"end":{"line":18,"column":3}},"line":11},"2":{"name":"(anonymous_2)","decl":{"start":{"line":21,"column":28},"end":{"line":21,"column":29}},"loc":{"start":{"line":21,"column":34},"end":{"line":21,"column":53}},"line":21},"3":{"name":"(anonymous_3)","decl":{"start":{"line":24,"column":33},"end":{"line":24,"column":34}},"loc":{"start":{"line":25,"column":4},"end":{"line":25,"column":59}},"line":25},"4":{"name":"(anonymous_4)","decl":{"start":{"line":25,"column":17},"end":{"line":25,"column":18}},"loc":{"start":{"line":25,"column":27},"end":{"line":25,"column":58}},"line":25},"5":{"name":"(anonymous_5)","decl":{"start":{"line":29,"column":33},"end":{"line":29,"column":34}},"loc":{"start":{"line":30,"column":4},"end":{"line":30,"column":48}},"line":30},"6":{"name":"(anonymous_6)","decl":{"start":{"line":35,"column":25},"end":{"line":35,"column":26}},"loc":{"start":{"line":35,"column":38},"end":{"line":43,"column":3}},"line":35},"7":{"name":"(anonymous_7)","decl":{"start":{"line":46,"column":22},"end":{"line":46,"column":23}},"loc":{"start":{"line":46,"column":32},"end":{"line":48,"column":3}},"line":46},"8":{"name":"(anonymous_8)","decl":{"start":{"line":51,"column":18},"end":{"line":51,"column":19}},"loc":{"start":{"line":51,"column":31},"end":{"line":53,"column":3}},"line":51}},"branchMap":{"0":{"loc":{"start":{"line":13,"column":4},"end":{"line":17,"column":5}},"type":"if","locations":[{"start":{"line":13,"column":4},"end":{"line":17,"column":5}},{"start":{},"end":{}}],"line":13},"1":{"loc":{"start":{"line":37,"column":4},"end":{"line":41,"column":5}},"type":"if","locations":[{"start":{"line":37,"column":4},"end":{"line":41,"column":5}},{"start":{},"end":{}}],"line":37},"2":{"loc":{"start":{"line":52,"column":11},"end":{"line":52,"column":33}},"type":"binary-expr","locations":[{"start":{"line":52,"column":11},"end":{"line":52,"column":25}},{"start":{"line":52,"column":29},"end":{"line":52,"column":33}}],"line":52}},"s":{"0":1,"1":0,"2":0,"3":0,"4":0,"5":0,"6":0,"7":0,"8":0,"9":0,"10":0,"11":0,"12":0,"13":0,"14":0,"15":0,"16":0,"17":0,"18":0,"19":0,"20":0,"21":0,"22":0,"23":0,"24":0,"25":0,"26":0,"27":0},"f":{"0":0,"1":0,"2":0,"3":0,"4":0,"5":0,"6":0,"7":0,"8":0},"b":{"0":[0,0],"1":[0,0],"2":[0,0]},"_coverageSchema":"1a1c01bbd47fc00a2c39e90264f33305004495a9","hash":"1d1aa48b1f365b31ef13311468feeff43f3e212d"}
,"C:\\Users\\jen\\Documents\\GitHub\\reactjam\\src\\utils\\errorHandling.js": {"path":"C:\\Users\\jen\\Documents\\GitHub\\reactjam\\src\\utils\\errorHandling.js","statementMap":{"0":{"start":{"line":12,"column":27},"end":{"line":19,"column":1}},"1":{"start":{"line":13,"column":2},"end":{"line":18,"column":3}},"2":{"start":{"line":14,"column":4},"end":{"line":14,"column":15}},"3":{"start":{"line":16,"column":4},"end":{"line":16,"column":48}},"4":{"start":{"line":17,"column":4},"end":{"line":17,"column":19}},"5":{"start":{"line":28,"column":23},"end":{"line":35,"column":1}},"6":{"start":{"line":29,"column":2},"end":{"line":34,"column":3}},"7":{"start":{"line":30,"column":4},"end":{"line":30,"column":84}},"8":{"start":{"line":30,"column":52},"end":{"line":30,"column":66}},"9":{"start":{"line":32,"column":4},"end":{"line":32,"column":59}},"10":{"start":{"line":33,"column":4},"end":{"line":33,"column":19}},"11":{"start":{"line":42,"column":28},"end":{"line":47,"column":1}},"12":{"start":{"line":43,"column":2},"end":{"line":43,"column":25}},"13":{"start":{"line":43,"column":13},"end":{"line":43,"column":25}},"14":{"start":{"line":45,"column":24},"end":{"line":45,"column":63}},"15":{"start":{"line":46,"column":2},"end":{"line":46,"column":63}},"16":{"start":{"line":46,"column":37},"end":{"line":46,"column":62}},"17":{"start":{"line":54,"column":36},"end":{"line":59,"column":1}},"18":{"start":{"line":55,"column":2},"end":{"line":55,"column":33}},"19":{"start":{"line":55,"column":21},"end":{"line":55,"column":33}},"20":{"start":{"line":57,"column":24},"end":{"line":57,"column":72}},"21":{"start":{"line":58,"column":2},"end":{"line":58,"column":71}},"22":{"start":{"line":58,"column":37},"end":{"line":58,"column":70}},"23":{"start":{"line":66,"column":34},"end":{"line":73,"column":2}},"24":{"start":{"line":66,"column":48},"end":{"line":73,"column":1}},"25":{"start":{"line":80,"column":42},"end":{"line":91,"column":2}},"26":{"start":{"line":80,"column":53},"end":{"line":91,"column":1}}},"fnMap":{"0":{"name":"(anonymous_0)","decl":{"start":{"line":12,"column":27},"end":{"line":12,"column":28}},"loc":{"start":{"line":12,"column":73},"end":{"line":19,"column":1}},"line":12},"1":{"name":"(anonymous_1)","decl":{"start":{"line":28,"column":23},"end":{"line":28,"column":24}},"loc":{"start":{"line":28,"column":55},"end":{"line":35,"column":1}},"line":28},"2":{"name":"(anonymous_2)","decl":{"start":{"line":30,"column":34},"end":{"line":30,"column":35}},"loc":{"start":{"line":30,"column":52},"end":{"line":30,"column":66}},"line":30},"3":{"name":"(anonymous_3)","decl":{"start":{"line":42,"column":28},"end":{"line":42,"column":29}},"loc":{"start":{"line":42,"column":38},"end":{"line":47,"column":1}},"line":42},"4":{"name":"(anonymous_4)","decl":{"start":{"line":46,"column":29},"end":{"line":46,"column":30}},"loc":{"start":{"line":46,"column":37},"end":{"line":46,"column":62}},"line":46},"5":{"name":"(anonymous_5)","decl":{"start":{"line":54,"column":36},"end":{"line":54,"column":37}},"loc":{"start":{"line":54,"column":54},"end":{"line":59,"column":1}},"line":54},"6":{"name":"(anonymous_6)","decl":{"start":{"line":58,"column":29},"end":{"line":58,"column":30}},"loc":{"start":{"line":58,"column":37},"end":{"line":58,"column":70}},"line":58},"7":{"name":"(anonymous_7)","decl":{"start":{"line":66,"column":34},"end":{"line":66,"column":35}},"loc":{"start":{"line":66,"column":48},"end":{"line":73,"column":1}},"line":66},"8":{"name":"(anonymous_8)","decl":{"start":{"line":80,"column":42},"end":{"line":80,"column":43}},"loc":{"start":{"line":80,"column":53},"end":{"line":91,"column":1}},"line":80}},"branchMap":{"0":{"loc":{"start":{"line":12,"column":32},"end":{"line":12,"column":47}},"type":"default-arg","locations":[{"start":{"line":12,"column":43},"end":{"line":12,"column":47}}],"line":12},"1":{"loc":{"start":{"line":12,"column":49},"end":{"line":12,"column":68}},"type":"default-arg","locations":[{"start":{"line":12,"column":59},"end":{"line":12,"column":68}}],"line":12},"2":{"loc":{"start":{"line":28,"column":35},"end":{"line":28,"column":50}},"type":"default-arg","locations":[{"start":{"line":28,"column":46},"end":{"line":28,"column":50}}],"line":28},"3":{"loc":{"start":{"line":30,"column":11},"end":{"line":30,"column":84}},"type":"binary-expr","locations":[{"start":{"line":30,"column":11},"end":{"line":30,"column":72}},{"start":{"line":30,"column":76},"end":{"line":30,"column":84}}],"line":30},"4":{"loc":{"start":{"line":43,"column":2},"end":{"line":43,"column":25}},"type":"if","locations":[{"start":{"line":43,"column":2},"end":{"line":43,"column":25}},{"start":{},"end":{}}],"line":43},"5":{"loc":{"start":{"line":55,"column":2},"end":{"line":55,"column":33}},"type":"if","locations":[{"start":{"line":55,"column":2},"end":{"line":55,"column":33}},{"start":{},"end":{}}],"line":55},"6":{"loc":{"start":{"line":81,"column":8},"end":{"line":81,"column":23}},"type":"binary-expr","locations":[{"start":{"line":81,"column":8},"end":{"line":81,"column":12}},{"start":{"line":81,"column":16},"end":{"line":81,"column":23}}],"line":81}},"s":{"0":1,"1":4,"2":4,"3":3,"4":3,"5":1,"6":5,"7":5,"8":10,"9":0,"10":0,"11":1,"12":4,"13":2,"14":2,"15":2,"16":7,"17":1,"18":4,"19":2,"20":2,"21":2,"22":9,"23":1,"24":1,"25":1,"26":2},"f":{"0":4,"1":5,"2":10,"3":4,"4":7,"5":4,"6":9,"7":1,"8":2},"b":{"0":[1],"1":[1],"2":[4],"3":[5,4],"4":[2,2],"5":[2,2],"6":[2,1]},"_coverageSchema":"1a1c01bbd47fc00a2c39e90264f33305004495a9","hash":"d5cbe22235945582125e38c3c98f60c2b6125eae"}
,"C:\\Users\\jen\\Documents\\GitHub\\reactjam\\src\\utils\\text.js": {"path":"C:\\Users\\jen\\Documents\\GitHub\\reactjam\\src\\utils\\text.js","statementMap":{"0":{"start":{"line":11,"column":31},"end":{"line":15,"column":1}},"1":{"start":{"line":12,"column":2},"end":{"line":14,"column":4}},"2":{"start":{"line":13,"column":4},"end":{"line":13,"column":64}},"3":{"start":{"line":24,"column":25},"end":{"line":31,"column":1}},"4":{"start":{"line":25,"column":15},"end":{"line":25,"column":31}},"5":{"start":{"line":26,"column":2},"end":{"line":29,"column":3}},"6":{"start":{"line":27,"column":4},"end":{"line":27,"column":60}},"7":{"start":{"line":28,"column":4},"end":{"line":28,"column":14}},"8":{"start":{"line":30,"column":2},"end":{"line":30,"column":41}}},"fnMap":{"0":{"name":"(anonymous_0)","decl":{"start":{"line":11,"column":31},"end":{"line":11,"column":32}},"loc":{"start":{"line":11,"column":56},"end":{"line":15,"column":1}},"line":11},"1":{"name":"(anonymous_1)","decl":{"start":{"line":12,"column":40},"end":{"line":12,"column":41}},"loc":{"start":{"line":12,"column":56},"end":{"line":14,"column":3}},"line":12},"2":{"name":"(anonymous_2)","decl":{"start":{"line":24,"column":25},"end":{"line":24,"column":26}},"loc":{"start":{"line":24,"column":58},"end":{"line":31,"column":1}},"line":24}},"branchMap":{"0":{"loc":{"start":{"line":13,"column":11},"end":{"line":13,"column":64}},"type":"cond-expr","locations":[{"start":{"line":13,"column":42},"end":{"line":13,"column":56}},{"start":{"line":13,"column":59},"end":{"line":13,"column":64}}],"line":13},"1":{"loc":{"start":{"line":24,"column":39},"end":{"line":24,"column":53}},"type":"default-arg","locations":[{"start":{"line":24,"column":51},"end":{"line":24,"column":53}}],"line":24},"2":{"loc":{"start":{"line":26,"column":2},"end":{"line":29,"column":3}},"type":"if","locations":[{"start":{"line":26,"column":2},"end":{"line":29,"column":3}},{"start":{},"end":{}}],"line":26}},"s":{"0":2,"1":8,"2":8,"3":2,"4":6,"5":6,"6":3,"7":3,"8":3},"f":{"0":8,"1":8,"2":6},"b":{"0":[4,4],"1":[4],"2":[3,3]},"_coverageSchema":"1a1c01bbd47fc00a2c39e90264f33305004495a9","hash":"b76636c5d24c4b34ab118b42a298b0f15b5c45ab"}
,"C:\\Users\\jen\\Documents\\GitHub\\reactjam\\src\\utils\\validation.js": {"path":"C:\\Users\\jen\\Documents\\GitHub\\reactjam\\src\\utils\\validation.js","statementMap":{"0":{"start":{"line":6,"column":17},"end":{"line":6,"column":53}},"1":{"start":{"line":6,"column":28},"end":{"line":6,"column":53}},"2":{"start":{"line":11,"column":16},"end":{"line":11,"column":47}},"3":{"start":{"line":11,"column":27},"end":{"line":11,"column":47}},"4":{"start":{"line":16,"column":17},"end":{"line":16,"column":90}},"5":{"start":{"line":16,"column":28},"end":{"line":16,"column":90}},"6":{"start":{"line":21,"column":17},"end":{"line":21,"column":53}},"7":{"start":{"line":21,"column":28},"end":{"line":21,"column":53}},"8":{"start":{"line":26,"column":18},"end":{"line":26,"column":55}},"9":{"start":{"line":26,"column":29},"end":{"line":26,"column":55}},"10":{"start":{"line":31,"column":23},"end":{"line":72,"column":1}},"11":{"start":{"line":32,"column":17},"end":{"line":32,"column":19}},"12":{"start":{"line":34,"column":2},"end":{"line":37,"column":3}},"13":{"start":{"line":35,"column":4},"end":{"line":35,"column":43}},"14":{"start":{"line":36,"column":4},"end":{"line":36,"column":17}},"15":{"start":{"line":39,"column":2},"end":{"line":47,"column":3}},"16":{"start":{"line":40,"column":4},"end":{"line":40,"column":50}},"17":{"start":{"line":42,"column":4},"end":{"line":46,"column":6}},"18":{"start":{"line":43,"column":6},"end":{"line":45,"column":7}},"19":{"start":{"line":44,"column":8},"end":{"line":44,"column":64}},"20":{"start":{"line":49,"column":2},"end":{"line":51,"column":3}},"21":{"start":{"line":50,"column":4},"end":{"line":50,"column":55}},"22":{"start":{"line":53,"column":2},"end":{"line":55,"column":3}},"23":{"start":{"line":54,"column":4},"end":{"line":54,"column":55}},"24":{"start":{"line":58,"column":2},"end":{"line":69,"column":3}},"25":{"start":{"line":59,"column":4},"end":{"line":68,"column":5}},"26":{"start":{"line":60,"column":6},"end":{"line":60,"column":48}},"27":{"start":{"line":62,"column":6},"end":{"line":64,"column":7}},"28":{"start":{"line":63,"column":8},"end":{"line":63,"column":62}},"29":{"start":{"line":65,"column":6},"end":{"line":67,"column":7}},"30":{"start":{"line":66,"column":8},"end":{"line":66,"column":68}},"31":{"start":{"line":71,"column":2},"end":{"line":71,"column":15}},"32":{"start":{"line":77,"column":26},"end":{"line":112,"column":1}},"33":{"start":{"line":78,"column":17},"end":{"line":78,"column":19}},"34":{"start":{"line":80,"column":2},"end":{"line":83,"column":3}},"35":{"start":{"line":81,"column":4},"end":{"line":81,"column":63}},"36":{"start":{"line":82,"column":4},"end":{"line":82,"column":17}},"37":{"start":{"line":86,"column":2},"end":{"line":109,"column":4}},"38":{"start":{"line":87,"column":4},"end":{"line":90,"column":5}},"39":{"start":{"line":88,"column":6},"end":{"line":88,"column":79}},"40":{"start":{"line":89,"column":6},"end":{"line":89,"column":12}},"41":{"start":{"line":93,"column":4},"end":{"line":103,"column":5}},"42":{"start":{"line":94,"column":6},"end":{"line":102,"column":7}},"43":{"start":{"line":95,"column":8},"end":{"line":95,"column":92}},"44":{"start":{"line":97,"column":8},"end":{"line":101,"column":10}},"45":{"start":{"line":98,"column":10},"end":{"line":100,"column":11}},"46":{"start":{"line":99,"column":12},"end":{"line":99,"column":106}},"47":{"start":{"line":106,"column":4},"end":{"line":108,"column":5}},"48":{"start":{"line":107,"column":6},"end":{"line":107,"column":87}},"49":{"start":{"line":111,"column":2},"end":{"line":111,"column":15}},"50":{"start":{"line":117,"column":27},"end":{"line":131,"column":1}},"51":{"start":{"line":118,"column":17},"end":{"line":118,"column":19}},"52":{"start":{"line":120,"column":2},"end":{"line":123,"column":3}},"53":{"start":{"line":121,"column":4},"end":{"line":121,"column":47}},"54":{"start":{"line":122,"column":4},"end":{"line":122,"column":17}},"55":{"start":{"line":125,"column":2},"end":{"line":128,"column":4}},"56":{"start":{"line":126,"column":28},"end":{"line":126,"column":71}},"57":{"start":{"line":127,"column":4},"end":{"line":127,"column":35}},"58":{"start":{"line":130,"column":2},"end":{"line":130,"column":15}},"59":{"start":{"line":136,"column":29},"end":{"line":169,"column":1}},"60":{"start":{"line":137,"column":17},"end":{"line":137,"column":19}},"61":{"start":{"line":139,"column":2},"end":{"line":142,"column":3}},"62":{"start":{"line":140,"column":4},"end":{"line":140,"column":69}},"63":{"start":{"line":141,"column":4},"end":{"line":141,"column":17}},"64":{"start":{"line":144,"column":2},"end":{"line":146,"column":3}},"65":{"start":{"line":145,"column":4},"end":{"line":145,"column":73}},"66":{"start":{"line":148,"column":2},"end":{"line":150,"column":3}},"67":{"start":{"line":149,"column":4},"end":{"line":149,"column":70}},"68":{"start":{"line":152,"column":2},"end":{"line":154,"column":3}},"69":{"start":{"line":153,"column":4},"end":{"line":153,"column":70}},"70":{"start":{"line":156,"column":2},"end":{"line":158,"column":3}},"71":{"start":{"line":157,"column":4},"end":{"line":157,"column":74}},"72":{"start":{"line":160,"column":2},"end":{"line":162,"column":3}},"73":{"start":{"line":161,"column":4},"end":{"line":161,"column":75}},"74":{"start":{"line":164,"column":2},"end":{"line":166,"column":3}},"75":{"start":{"line":165,"column":4},"end":{"line":165,"column":77}},"76":{"start":{"line":168,"column":2},"end":{"line":168,"column":15}},"77":{"start":{"line":174,"column":21},"end":{"line":224,"column":1}},"78":{"start":{"line":175,"column":17},"end":{"line":175,"column":19}},"79":{"start":{"line":177,"column":2},"end":{"line":180,"column":3}},"80":{"start":{"line":178,"column":4},"end":{"line":178,"column":53}},"81":{"start":{"line":179,"column":4},"end":{"line":179,"column":17}},"82":{"start":{"line":182,"column":2},"end":{"line":184,"column":3}},"83":{"start":{"line":183,"column":4},"end":{"line":183,"column":56}},"84":{"start":{"line":186,"column":2},"end":{"line":188,"column":3}},"85":{"start":{"line":187,"column":4},"end":{"line":187,"column":57}},"86":{"start":{"line":190,"column":2},"end":{"line":192,"column":3}},"87":{"start":{"line":191,"column":4},"end":{"line":191,"column":58}},"88":{"start":{"line":194,"column":2},"end":{"line":202,"column":3}},"89":{"start":{"line":195,"column":4},"end":{"line":195,"column":64}},"90":{"start":{"line":197,"column":4},"end":{"line":201,"column":6}},"91":{"start":{"line":198,"column":6},"end":{"line":200,"column":7}},"92":{"start":{"line":199,"column":8},"end":{"line":199,"column":78}},"93":{"start":{"line":204,"column":2},"end":{"line":206,"column":3}},"94":{"start":{"line":205,"column":4},"end":{"line":205,"column":59}},"95":{"start":{"line":208,"column":2},"end":{"line":217,"column":3}},"96":{"start":{"line":209,"column":4},"end":{"line":216,"column":5}},"97":{"start":{"line":210,"column":6},"end":{"line":210,"column":68}},"98":{"start":{"line":212,"column":6},"end":{"line":215,"column":8}},"99":{"start":{"line":213,"column":35},"end":{"line":213,"column":108}},"100":{"start":{"line":214,"column":8},"end":{"line":214,"column":42}},"101":{"start":{"line":219,"column":2},"end":{"line":221,"column":3}},"102":{"start":{"line":220,"column":4},"end":{"line":220,"column":61}},"103":{"start":{"line":223,"column":2},"end":{"line":223,"column":15}},"104":{"start":{"line":229,"column":22},"end":{"line":243,"column":1}},"105":{"start":{"line":230,"column":17},"end":{"line":230,"column":19}},"106":{"start":{"line":232,"column":2},"end":{"line":235,"column":3}},"107":{"start":{"line":233,"column":4},"end":{"line":233,"column":42}},"108":{"start":{"line":234,"column":4},"end":{"line":234,"column":17}},"109":{"start":{"line":237,"column":2},"end":{"line":240,"column":4}},"110":{"start":{"line":238,"column":23},"end":{"line":238,"column":51}},"111":{"start":{"line":239,"column":4},"end":{"line":239,"column":30}},"112":{"start":{"line":242,"column":2},"end":{"line":242,"column":15}},"113":{"start":{"line":248,"column":22},"end":{"line":272,"column":1}},"114":{"start":{"line":249,"column":17},"end":{"line":249,"column":19}},"115":{"start":{"line":251,"column":2},"end":{"line":254,"column":3}},"116":{"start":{"line":252,"column":4},"end":{"line":252,"column":41}},"117":{"start":{"line":253,"column":4},"end":{"line":253,"column":17}},"118":{"start":{"line":256,"column":2},"end":{"line":269,"column":4}},"119":{"start":{"line":257,"column":4},"end":{"line":260,"column":5}},"120":{"start":{"line":258,"column":6},"end":{"line":258,"column":53}},"121":{"start":{"line":259,"column":6},"end":{"line":259,"column":12}},"122":{"start":{"line":262,"column":4},"end":{"line":264,"column":5}},"123":{"start":{"line":263,"column":6},"end":{"line":263,"column":56}},"124":{"start":{"line":266,"column":4},"end":{"line":268,"column":5}},"125":{"start":{"line":267,"column":6},"end":{"line":267,"column":57}},"126":{"start":{"line":271,"column":2},"end":{"line":271,"column":15}},"127":{"start":{"line":277,"column":33},"end":{"line":325,"column":1}},"128":{"start":{"line":278,"column":17},"end":{"line":278,"column":19}},"129":{"start":{"line":280,"column":2},"end":{"line":283,"column":3}},"130":{"start":{"line":281,"column":4},"end":{"line":281,"column":46}},"131":{"start":{"line":282,"column":4},"end":{"line":282,"column":17}},"132":{"start":{"line":286,"column":2},"end":{"line":291,"column":3}},"133":{"start":{"line":287,"column":4},"end":{"line":287,"column":53}},"134":{"start":{"line":289,"column":25},"end":{"line":289,"column":57}},"135":{"start":{"line":290,"column":4},"end":{"line":290,"column":32}},"136":{"start":{"line":294,"column":2},"end":{"line":322,"column":3}},"137":{"start":{"line":295,"column":4},"end":{"line":295,"column":54}},"138":{"start":{"line":297,"column":20},"end":{"line":297,"column":37}},"139":{"start":{"line":300,"column":4},"end":{"line":305,"column":5}},"140":{"start":{"line":301,"column":6},"end":{"line":301,"column":67}},"141":{"start":{"line":303,"column":30},"end":{"line":303,"column":68}},"142":{"start":{"line":304,"column":6},"end":{"line":304,"column":37}},"143":{"start":{"line":308,"column":4},"end":{"line":313,"column":5}},"144":{"start":{"line":309,"column":6},"end":{"line":309,"column":62}},"145":{"start":{"line":311,"column":25},"end":{"line":311,"column":53}},"146":{"start":{"line":312,"column":6},"end":{"line":312,"column":32}},"147":{"start":{"line":316,"column":4},"end":{"line":321,"column":5}},"148":{"start":{"line":317,"column":6},"end":{"line":317,"column":61}},"149":{"start":{"line":319,"column":25},"end":{"line":319,"column":53}},"150":{"start":{"line":320,"column":6},"end":{"line":320,"column":32}},"151":{"start":{"line":324,"column":2},"end":{"line":324,"column":15}},"152":{"start":{"line":331,"column":39},"end":{"line":344,"column":1}},"153":{"start":{"line":332,"column":17},"end":{"line":332,"column":45}},"154":{"start":{"line":334,"column":2},"end":{"line":340,"column":3}},"155":{"start":{"line":335,"column":4},"end":{"line":335,"column":65}},"156":{"start":{"line":336,"column":4},"end":{"line":336,"column":95}},"157":{"start":{"line":337,"column":4},"end":{"line":337,"column":58}},"158":{"start":{"line":337,"column":28},"end":{"line":337,"column":57}},"159":{"start":{"line":338,"column":4},"end":{"line":338,"column":92}},"160":{"start":{"line":339,"column":4},"end":{"line":339,"column":16}},"161":{"start":{"line":342,"column":2},"end":{"line":342,"column":60}},"162":{"start":{"line":343,"column":2},"end":{"line":343,"column":13}}},"fnMap":{"0":{"name":"(anonymous_0)","decl":{"start":{"line":6,"column":17},"end":{"line":6,"column":18}},"loc":{"start":{"line":6,"column":28},"end":{"line":6,"column":53}},"line":6},"1":{"name":"(anonymous_1)","decl":{"start":{"line":11,"column":16},"end":{"line":11,"column":17}},"loc":{"start":{"line":11,"column":27},"end":{"line":11,"column":47}},"line":11},"2":{"name":"(anonymous_2)","decl":{"start":{"line":16,"column":17},"end":{"line":16,"column":18}},"loc":{"start":{"line":16,"column":28},"end":{"line":16,"column":90}},"line":16},"3":{"name":"(anonymous_3)","decl":{"start":{"line":21,"column":17},"end":{"line":21,"column":18}},"loc":{"start":{"line":21,"column":28},"end":{"line":21,"column":53}},"line":21},"4":{"name":"(anonymous_4)","decl":{"start":{"line":26,"column":18},"end":{"line":26,"column":19}},"loc":{"start":{"line":26,"column":29},"end":{"line":26,"column":55}},"line":26},"5":{"name":"(anonymous_5)","decl":{"start":{"line":31,"column":23},"end":{"line":31,"column":24}},"loc":{"start":{"line":31,"column":35},"end":{"line":72,"column":1}},"line":31},"6":{"name":"(anonymous_6)","decl":{"start":{"line":42,"column":27},"end":{"line":42,"column":28}},"loc":{"start":{"line":42,"column":46},"end":{"line":46,"column":5}},"line":42},"7":{"name":"(anonymous_7)","decl":{"start":{"line":77,"column":26},"end":{"line":77,"column":27}},"loc":{"start":{"line":77,"column":56},"end":{"line":112,"column":1}},"line":77},"8":{"name":"(anonymous_8)","decl":{"start":{"line":86,"column":36},"end":{"line":86,"column":37}},"loc":{"start":{"line":86,"column":66},"end":{"line":109,"column":3}},"line":86},"9":{"name":"(anonymous_9)","decl":{"start":{"line":97,"column":39},"end":{"line":97,"column":40}},"loc":{"start":{"line":97,"column":56},"end":{"line":101,"column":9}},"line":97},"10":{"name":"(anonymous_10)","decl":{"start":{"line":117,"column":27},"end":{"line":117,"column":28}},"loc":{"start":{"line":117,"column":43},"end":{"line":131,"column":1}},"line":117},"11":{"name":"(anonymous_11)","decl":{"start":{"line":125,"column":37},"end":{"line":125,"column":38}},"loc":{"start":{"line":125,"column":69},"end":{"line":128,"column":3}},"line":125},"12":{"name":"(anonymous_12)","decl":{"start":{"line":136,"column":29},"end":{"line":136,"column":30}},"loc":{"start":{"line":136,"column":65},"end":{"line":169,"column":1}},"line":136},"13":{"name":"(anonymous_13)","decl":{"start":{"line":174,"column":21},"end":{"line":174,"column":22}},"loc":{"start":{"line":174,"column":41},"end":{"line":224,"column":1}},"line":174},"14":{"name":"(anonymous_14)","decl":{"start":{"line":197,"column":29},"end":{"line":197,"column":30}},"loc":{"start":{"line":197,"column":46},"end":{"line":201,"column":5}},"line":197},"15":{"name":"(anonymous_15)","decl":{"start":{"line":212,"column":33},"end":{"line":212,"column":34}},"loc":{"start":{"line":212,"column":58},"end":{"line":215,"column":7}},"line":212},"16":{"name":"(anonymous_16)","decl":{"start":{"line":229,"column":22},"end":{"line":229,"column":23}},"loc":{"start":{"line":229,"column":33},"end":{"line":243,"column":1}},"line":229},"17":{"name":"(anonymous_17)","decl":{"start":{"line":237,"column":32},"end":{"line":237,"column":33}},"loc":{"start":{"line":237,"column":54},"end":{"line":240,"column":3}},"line":237},"18":{"name":"(anonymous_18)","decl":{"start":{"line":248,"column":22},"end":{"line":248,"column":23}},"loc":{"start":{"line":248,"column":33},"end":{"line":272,"column":1}},"line":248},"19":{"name":"(anonymous_19)","decl":{"start":{"line":256,"column":16},"end":{"line":256,"column":17}},"loc":{"start":{"line":256,"column":33},"end":{"line":269,"column":3}},"line":256},"20":{"name":"(anonymous_20)","decl":{"start":{"line":277,"column":33},"end":{"line":277,"column":34}},"loc":{"start":{"line":277,"column":48},"end":{"line":325,"column":1}},"line":277},"21":{"name":"(anonymous_21)","decl":{"start":{"line":331,"column":39},"end":{"line":331,"column":40}},"loc":{"start":{"line":331,"column":54},"end":{"line":344,"column":1}},"line":331},"22":{"name":"(anonymous_22)","decl":{"start":{"line":337,"column":19},"end":{"line":337,"column":20}},"loc":{"start":{"line":337,"column":28},"end":{"line":337,"column":57}},"line":337}},"branchMap":{"0":{"loc":{"start":{"line":16,"column":28},"end":{"line":16,"column":90}},"type":"binary-expr","locations":[{"start":{"line":16,"column":28},"end":{"line":16,"column":53}},{"start":{"line":16,"column":57},"end":{"line":16,"column":71}},{"start":{"line":16,"column":75},"end":{"line":16,"column":90}}],"line":16},"1":{"loc":{"start":{"line":34,"column":2},"end":{"line":37,"column":3}},"type":"if","locations":[{"start":{"line":34,"column":2},"end":{"line":37,"column":3}},{"start":{},"end":{}}],"line":34},"2":{"loc":{"start":{"line":39,"column":2},"end":{"line":47,"column":3}},"type":"if","locations":[{"start":{"line":39,"column":2},"end":{"line":47,"column":3}},{"start":{"line":41,"column":9},"end":{"line":47,"column":3}}],"line":39},"3":{"loc":{"start":{"line":43,"column":6},"end":{"line":45,"column":7}},"type":"if","locations":[{"start":{"line":43,"column":6},"end":{"line":45,"column":7}},{"start":{},"end":{}}],"line":43},"4":{"loc":{"start":{"line":49,"column":2},"end":{"line":51,"column":3}},"type":"if","locations":[{"start":{"line":49,"column":2},"end":{"line":51,"column":3}},{"start":{},"end":{}}],"line":49},"5":{"loc":{"start":{"line":53,"column":2},"end":{"line":55,"column":3}},"type":"if","locations":[{"start":{"line":53,"column":2},"end":{"line":55,"column":3}},{"start":{},"end":{}}],"line":53},"6":{"loc":{"start":{"line":58,"column":2},"end":{"line":69,"column":3}},"type":"if","locations":[{"start":{"line":58,"column":2},"end":{"line":69,"column":3}},{"start":{},"end":{}}],"line":58},"7":{"loc":{"start":{"line":59,"column":4},"end":{"line":68,"column":5}},"type":"if","locations":[{"start":{"line":59,"column":4},"end":{"line":68,"column":5}},{"start":{"line":61,"column":11},"end":{"line":68,"column":5}}],"line":59},"8":{"loc":{"start":{"line":62,"column":6},"end":{"line":64,"column":7}},"type":"if","locations":[{"start":{"line":62,"column":6},"end":{"line":64,"column":7}},{"start":{},"end":{}}],"line":62},"9":{"loc":{"start":{"line":62,"column":10},"end":{"line":62,"column":83}},"type":"binary-expr","locations":[{"start":{"line":62,"column":10},"end":{"line":62,"column":46}},{"start":{"line":62,"column":50},"end":{"line":62,"column":83}}],"line":62},"10":{"loc":{"start":{"line":65,"column":6},"end":{"line":67,"column":7}},"type":"if","locations":[{"start":{"line":65,"column":6},"end":{"line":67,"column":7}},{"start":{},"end":{}}],"line":65},"11":{"loc":{"start":{"line":65,"column":10},"end":{"line":65,"column":95}},"type":"binary-expr","locations":[{"start":{"line":65,"column":10},"end":{"line":65,"column":52}},{"start":{"line":65,"column":56},"end":{"line":65,"column":95}}],"line":65},"12":{"loc":{"start":{"line":80,"column":2},"end":{"line":83,"column":3}},"type":"if","locations":[{"start":{"line":80,"column":2},"end":{"line":83,"column":3}},{"start":{},"end":{}}],"line":80},"13":{"loc":{"start":{"line":87,"column":4},"end":{"line":90,"column":5}},"type":"if","locations":[{"start":{"line":87,"column":4},"end":{"line":90,"column":5}},{"start":{},"end":{}}],"line":87},"14":{"loc":{"start":{"line":93,"column":4},"end":{"line":103,"column":5}},"type":"if","locations":[{"start":{"line":93,"column":4},"end":{"line":103,"column":5}},{"start":{},"end":{}}],"line":93},"15":{"loc":{"start":{"line":94,"column":6},"end":{"line":102,"column":7}},"type":"if","locations":[{"start":{"line":94,"column":6},"end":{"line":102,"column":7}},{"start":{"line":96,"column":13},"end":{"line":102,"column":7}}],"line":94},"16":{"loc":{"start":{"line":98,"column":10},"end":{"line":100,"column":11}},"type":"if","locations":[{"start":{"line":98,"column":10},"end":{"line":100,"column":11}},{"start":{},"end":{}}],"line":98},"17":{"loc":{"start":{"line":106,"column":4},"end":{"line":108,"column":5}},"type":"if","locations":[{"start":{"line":106,"column":4},"end":{"line":108,"column":5}},{"start":{},"end":{}}],"line":106},"18":{"loc":{"start":{"line":106,"column":8},"end":{"line":106,"column":75}},"type":"binary-expr","locations":[{"start":{"line":106,"column":8},"end":{"line":106,"column":41}},{"start":{"line":106,"column":45},"end":{"line":106,"column":75}}],"line":106},"19":{"loc":{"start":{"line":120,"column":2},"end":{"line":123,"column":3}},"type":"if","locations":[{"start":{"line":120,"column":2},"end":{"line":123,"column":3}},{"start":{},"end":{}}],"line":120},"20":{"loc":{"start":{"line":139,"column":2},"end":{"line":142,"column":3}},"type":"if","locations":[{"start":{"line":139,"column":2},"end":{"line":142,"column":3}},{"start":{},"end":{}}],"line":139},"21":{"loc":{"start":{"line":144,"column":2},"end":{"line":146,"column":3}},"type":"if","locations":[{"start":{"line":144,"column":2},"end":{"line":146,"column":3}},{"start":{},"end":{}}],"line":144},"22":{"loc":{"start":{"line":148,"column":2},"end":{"line":150,"column":3}},"type":"if","locations":[{"start":{"line":148,"column":2},"end":{"line":150,"column":3}},{"start":{},"end":{}}],"line":148},"23":{"loc":{"start":{"line":152,"column":2},"end":{"line":154,"column":3}},"type":"if","locations":[{"start":{"line":152,"column":2},"end":{"line":154,"column":3}},{"start":{},"end":{}}],"line":152},"24":{"loc":{"start":{"line":156,"column":2},"end":{"line":158,"column":3}},"type":"if","locations":[{"start":{"line":156,"column":2},"end":{"line":158,"column":3}},{"start":{},"end":{}}],"line":156},"25":{"loc":{"start":{"line":160,"column":2},"end":{"line":162,"column":3}},"type":"if","locations":[{"start":{"line":160,"column":2},"end":{"line":162,"column":3}},{"start":{},"end":{}}],"line":160},"26":{"loc":{"start":{"line":164,"column":2},"end":{"line":166,"column":3}},"type":"if","locations":[{"start":{"line":164,"column":2},"end":{"line":166,"column":3}},{"start":{},"end":{}}],"line":164},"27":{"loc":{"start":{"line":177,"column":2},"end":{"line":180,"column":3}},"type":"if","locations":[{"start":{"line":177,"column":2},"end":{"line":180,"column":3}},{"start":{},"end":{}}],"line":177},"28":{"loc":{"start":{"line":182,"column":2},"end":{"line":184,"column":3}},"type":"if","locations":[{"start":{"line":182,"column":2},"end":{"line":184,"column":3}},{"start":{},"end":{}}],"line":182},"29":{"loc":{"start":{"line":186,"column":2},"end":{"line":188,"column":3}},"type":"if","locations":[{"start":{"line":186,"column":2},"end":{"line":188,"column":3}},{"start":{},"end":{}}],"line":186},"30":{"loc":{"start":{"line":190,"column":2},"end":{"line":192,"column":3}},"type":"if","locations":[{"start":{"line":190,"column":2},"end":{"line":192,"column":3}},{"start":{},"end":{}}],"line":190},"31":{"loc":{"start":{"line":194,"column":2},"end":{"line":202,"column":3}},"type":"if","locations":[{"start":{"line":194,"column":2},"end":{"line":202,"column":3}},{"start":{"line":196,"column":9},"end":{"line":202,"column":3}}],"line":194},"32":{"loc":{"start":{"line":198,"column":6},"end":{"line":200,"column":7}},"type":"if","locations":[{"start":{"line":198,"column":6},"end":{"line":200,"column":7}},{"start":{},"end":{}}],"line":198},"33":{"loc":{"start":{"line":204,"column":2},"end":{"line":206,"column":3}},"type":"if","locations":[{"start":{"line":204,"column":2},"end":{"line":206,"column":3}},{"start":{},"end":{}}],"line":204},"34":{"loc":{"start":{"line":204,"column":6},"end":{"line":204,"column":55}},"type":"binary-expr","locations":[{"start":{"line":204,"column":6},"end":{"line":204,"column":30}},{"start":{"line":204,"column":34},"end":{"line":204,"column":55}}],"line":204},"35":{"loc":{"start":{"line":208,"column":2},"end":{"line":217,"column":3}},"type":"if","locations":[{"start":{"line":208,"column":2},"end":{"line":217,"column":3}},{"start":{},"end":{}}],"line":208},"36":{"loc":{"start":{"line":209,"column":4},"end":{"line":216,"column":5}},"type":"if","locations":[{"start":{"line":209,"column":4},"end":{"line":216,"column":5}},{"start":{"line":211,"column":11},"end":{"line":216,"column":5}}],"line":209},"37":{"loc":{"start":{"line":219,"column":2},"end":{"line":221,"column":3}},"type":"if","locations":[{"start":{"line":219,"column":2},"end":{"line":221,"column":3}},{"start":{},"end":{}}],"line":219},"38":{"loc":{"start":{"line":219,"column":6},"end":{"line":219,"column":60}},"type":"binary-expr","locations":[{"start":{"line":219,"column":6},"end":{"line":219,"column":32}},{"start":{"line":219,"column":36},"end":{"line":219,"column":60}}],"line":219},"39":{"loc":{"start":{"line":232,"column":2},"end":{"line":235,"column":3}},"type":"if","locations":[{"start":{"line":232,"column":2},"end":{"line":235,"column":3}},{"start":{},"end":{}}],"line":232},"40":{"loc":{"start":{"line":251,"column":2},"end":{"line":254,"column":3}},"type":"if","locations":[{"start":{"line":251,"column":2},"end":{"line":254,"column":3}},{"start":{},"end":{}}],"line":251},"41":{"loc":{"start":{"line":257,"column":4},"end":{"line":260,"column":5}},"type":"if","locations":[{"start":{"line":257,"column":4},"end":{"line":260,"column":5}},{"start":{},"end":{}}],"line":257},"42":{"loc":{"start":{"line":262,"column":4},"end":{"line":264,"column":5}},"type":"if","locations":[{"start":{"line":262,"column":4},"end":{"line":264,"column":5}},{"start":{},"end":{}}],"line":262},"43":{"loc":{"start":{"line":266,"column":4},"end":{"line":268,"column":5}},"type":"if","locations":[{"start":{"line":266,"column":4},"end":{"line":268,"column":5}},{"start":{},"end":{}}],"line":266},"44":{"loc":{"start":{"line":280,"column":2},"end":{"line":283,"column":3}},"type":"if","locations":[{"start":{"line":280,"column":2},"end":{"line":283,"column":3}},{"start":{},"end":{}}],"line":280},"45":{"loc":{"start":{"line":286,"column":2},"end":{"line":291,"column":3}},"type":"if","locations":[{"start":{"line":286,"column":2},"end":{"line":291,"column":3}},{"start":{"line":288,"column":9},"end":{"line":291,"column":3}}],"line":286},"46":{"loc":{"start":{"line":294,"column":2},"end":{"line":322,"column":3}},"type":"if","locations":[{"start":{"line":294,"column":2},"end":{"line":322,"column":3}},{"start":{"line":296,"column":9},"end":{"line":322,"column":3}}],"line":294},"47":{"loc":{"start":{"line":300,"column":4},"end":{"line":305,"column":5}},"type":"if","locations":[{"start":{"line":300,"column":4},"end":{"line":305,"column":5}},{"start":{"line":302,"column":11},"end":{"line":305,"column":5}}],"line":300},"48":{"loc":{"start":{"line":308,"column":4},"end":{"line":313,"column":5}},"type":"if","locations":[{"start":{"line":308,"column":4},"end":{"line":313,"column":5}},{"start":{"line":310,"column":11},"end":{"line":313,"column":5}}],"line":308},"49":{"loc":{"start":{"line":316,"column":4},"end":{"line":321,"column":5}},"type":"if","locations":[{"start":{"line":316,"column":4},"end":{"line":321,"column":5}},{"start":{"line":318,"column":11},"end":{"line":321,"column":5}}],"line":316},"50":{"loc":{"start":{"line":334,"column":2},"end":{"line":340,"column":3}},"type":"if","locations":[{"start":{"line":334,"column":2},"end":{"line":340,"column":3}},{"start":{},"end":{}}],"line":334}},"s":{"0":1,"1":130,"2":1,"3":188,"4":1,"5":136,"6":1,"7":0,"8":1,"9":0,"10":1,"11":10,"12":10,"13":0,"14":0,"15":10,"16":1,"17":9,"18":27,"19":0,"20":10,"21":1,"22":10,"23":1,"24":10,"25":10,"26":0,"27":10,"28":1,"29":10,"30":0,"31":10,"32":1,"33":9,"34":9,"35":0,"36":0,"37":9,"38":9,"39":0,"40":0,"41":9,"42":9,"43":0,"44":9,"45":9,"46":0,"47":9,"48":0,"49":9,"50":1,"51":9,"52":9,"53":0,"54":0,"55":9,"56":9,"57":9,"58":9,"59":1,"60":0,"61":0,"62":0,"63":0,"64":0,"65":0,"66":0,"67":0,"68":0,"69":0,"70":0,"71":0,"72":0,"73":0,"74":0,"75":0,"76":0,"77":1,"78":9,"79":9,"80":0,"81":0,"82":9,"83":0,"84":9,"85":0,"86":9,"87":0,"88":9,"89":0,"90":9,"91":9,"92":0,"93":9,"94":0,"95":9,"96":9,"97":0,"98":9,"99":0,"100":0,"101":9,"102":0,"103":9,"104":1,"105":9,"106":9,"107":0,"108":0,"109":9,"110":9,"111":9,"112":9,"113":1,"114":9,"115":9,"116":0,"117":0,"118":9,"119":9,"120":0,"121":0,"122":9,"123":0,"124":9,"125":0,"126":9,"127":1,"128":11,"129":11,"130":0,"131":0,"132":11,"133":1,"134":10,"135":10,"136":11,"137":1,"138":10,"139":10,"140":1,"141":9,"142":9,"143":10,"144":1,"145":9,"146":9,"147":10,"148":1,"149":9,"150":9,"151":11,"152":1,"153":0,"154":0,"155":0,"156":0,"157":0,"158":0,"159":0,"160":0,"161":0,"162":0},"f":{"0":130,"1":188,"2":136,"3":0,"4":0,"5":10,"6":27,"7":9,"8":9,"9":9,"10":9,"11":9,"12":0,"13":9,"14":9,"15":0,"16":9,"17":9,"18":9,"19":9,"20":11,"21":0,"22":0},"b":{"0":[136,132,132],"1":[0,10],"2":[1,9],"3":[0,27],"4":[1,9],"5":[1,9],"6":[10,0],"7":[0,10],"8":[1,9],"9":[10,10],"10":[0,10],"11":[10,10],"12":[0,9],"13":[0,9],"14":[9,0],"15":[0,9],"16":[0,9],"17":[0,9],"18":[9,0],"19":[0,9],"20":[0,0],"21":[0,0],"22":[0,0],"23":[0,0],"24":[0,0],"25":[0,0],"26":[0,0],"27":[0,9],"28":[0,9],"29":[0,9],"30":[0,9],"31":[0,9],"32":[0,9],"33":[0,9],"34":[9,9],"35":[9,0],"36":[0,9],"37":[0,9],"38":[9,0],"39":[0,9],"40":[0,9],"41":[0,9],"42":[0,9],"43":[0,9],"44":[0,11],"45":[1,10],"46":[1,10],"47":[1,9],"48":[1,9],"49":[1,9],"50":[0,0]},"_coverageSchema":"1a1c01bbd47fc00a2c39e90264f33305004495a9","hash":"5d7d71474243b3de6cfb13575124374b5878d1f7"}
}
