TN:
SF:src\__tests__\utils\test-utils.jsx
FN:8,(anonymous_0)
FN:9,(anonymous_1)
FN:104,(anonymous_2)
FN:104,(anonymous_3)
FN:110,(anonymous_4)
FN:113,(anonymous_5)
FNF:6
FNH:0
FNDA:0,(anonymous_0)
FNDA:0,(anonymous_1)
FNDA:0,(anonymous_2)
FNDA:0,(anonymous_3)
FNDA:0,(anonymous_4)
FNDA:0,(anonymous_5)
DA:8,1
DA:9,0
DA:10,0
DA:14,0
DA:20,1
DA:60,1
DA:85,1
DA:104,1
DA:109,1
DA:111,0
DA:114,0
LF:11
LH:6
BRDA:8,0,0,0
BRDA:104,1,0,0
BRF:2
BRH:0
end_of_record
TN:
SF:src\components\Actions.jsx
FN:7,(anonymous_0)
FNF:1
FNH:0
FNDA:0,(anonymous_0)
DA:7,0
DA:16,0
DA:18,0
LF:3
LH:0
BRF:0
BRH:0
end_of_record
TN:
SF:src\components\DeathRoom.jsx
FN:4,(anonymous_0)
FN:9,(anonymous_1)
FN:20,resetAlphaOnNewRoom
FNF:3
FNH:0
FNDA:0,(anonymous_0)
FNDA:0,(anonymous_1)
FNDA:0,resetAlphaOnNewRoom
DA:4,0
DA:5,0
DA:6,0
DA:7,0
DA:9,0
DA:10,0
DA:11,0
DA:12,0
DA:13,0
DA:15,0
DA:16,0
DA:19,0
DA:21,0
DA:26,0
LF:14
LH:0
BRDA:11,0,0,0
BRDA:11,0,1,0
BRF:2
BRH:0
end_of_record
TN:
SF:src\components\Description.jsx
FN:7,(anonymous_0)
FNF:1
FNH:0
FNDA:0,(anonymous_0)
DA:7,0
DA:8,0
DA:10,0
LF:3
LH:0
BRF:0
BRH:0
end_of_record
TN:
SF:src\components\GameProvider.jsx
FN:10,(anonymous_0)
FN:52,(anonymous_1)
FN:71,(anonymous_2)
FN:72,(anonymous_3)
FNF:4
FNH:0
FNDA:0,(anonymous_0)
FNDA:0,(anonymous_1)
FNDA:0,(anonymous_2)
FNDA:0,(anonymous_3)
DA:8,1
DA:10,1
DA:12,0
DA:13,0
DA:14,0
DA:15,0
DA:18,0
DA:19,0
DA:20,0
DA:23,0
DA:24,0
DA:26,0
DA:31,0
DA:34,0
DA:49,0
DA:52,0
DA:53,0
DA:54,0
DA:55,0
DA:58,0
DA:71,0
DA:72,0
LF:22
LH:2
BRDA:13,0,0,0
BRDA:13,0,1,0
BRF:2
BRH:0
end_of_record
TN:
SF:src\components\Interactable.jsx
FN:8,(anonymous_0)
FN:20,(anonymous_1)
FNF:2
FNH:1
FNDA:2,(anonymous_0)
FNDA:0,(anonymous_1)
DA:8,1
DA:9,2
DA:11,2
DA:20,0
DA:25,1
LF:5
LH:4
BRDA:14,0,0,2
BRDA:14,0,1,2
BRF:2
BRH:2
end_of_record
TN:
SF:src\components\MoveGrid.jsx
FN:7,(anonymous_0)
FNF:1
FNH:0
FNDA:0,(anonymous_0)
DA:7,0
DA:8,0
DA:9,0
DA:11,0
LF:4
LH:0
BRF:0
BRH:0
end_of_record
TN:
SF:src\components\RoomSprite.jsx
FN:4,(anonymous_0)
FN:8,(anonymous_1)
FN:17,resetAlphaOnNewRoom
FNF:3
FNH:0
FNDA:0,(anonymous_0)
FNDA:0,(anonymous_1)
FNDA:0,resetAlphaOnNewRoom
DA:4,0
DA:5,0
DA:6,0
DA:8,0
DA:9,0
DA:10,0
DA:11,0
DA:12,0
DA:16,0
DA:18,0
DA:23,0
LF:11
LH:0
BRDA:9,0,0,0
BRDA:9,0,1,0
BRF:2
BRH:0
end_of_record
TN:
SF:src\components\Sidebar.jsx
FN:4,(anonymous_0)
FNF:1
FNH:0
FNDA:0,(anonymous_0)
DA:4,0
DA:5,0
LF:2
LH:0
BRF:0
BRH:0
end_of_record
TN:
SF:src\components\Tasks.jsx
FN:7,(anonymous_0)
FNF:1
FNH:0
FNDA:0,(anonymous_0)
DA:7,0
DA:8,0
DA:10,0
LF:3
LH:0
BRF:0
BRH:0
end_of_record
TN:
SF:src\components\Viewport.jsx
FN:10,(anonymous_0)
FN:13,(anonymous_1)
FNF:2
FNH:0
FNDA:0,(anonymous_0)
FNDA:0,(anonymous_1)
DA:10,0
DA:11,0
DA:13,0
DA:14,0
DA:15,0
DA:16,0
DA:19,0
LF:7
LH:0
BRF:0
BRH:0
end_of_record
TN:
SF:src\components\Wrapper.jsx
FN:5,(anonymous_0)
FN:11,(anonymous_1)
FN:16,(anonymous_2)
FN:21,(anonymous_3)
FNF:4
FNH:0
FNDA:0,(anonymous_0)
FNDA:0,(anonymous_1)
FNDA:0,(anonymous_2)
FNDA:0,(anonymous_3)
DA:5,0
DA:6,0
DA:7,0
DA:9,0
DA:11,0
DA:12,0
DA:13,0
DA:16,0
DA:17,0
DA:18,0
DA:21,0
DA:22,0
DA:23,0
DA:26,0
LF:14
LH:0
BRDA:28,0,0,0
BRDA:28,0,1,0
BRDA:53,1,0,0
BRDA:53,1,1,0
BRF:4
BRH:0
end_of_record
TN:
SF:src\components\actions\ActionButton.jsx
FN:7,(anonymous_0)
FN:19,(anonymous_1)
FN:23,(anonymous_2)
FN:27,(anonymous_3)
FN:34,(anonymous_4)
FNF:5
FNH:5
FNDA:46,(anonymous_0)
FNDA:3,(anonymous_1)
FNDA:2,(anonymous_2)
FNDA:2,(anonymous_3)
FNDA:1,(anonymous_4)
DA:7,3
DA:16,46
DA:17,46
DA:19,46
DA:20,3
DA:23,46
DA:24,2
DA:27,46
DA:28,2
DA:29,2
DA:30,2
DA:34,46
DA:35,1
DA:36,1
DA:37,1
DA:41,46
DA:42,12
DA:49,34
DA:50,5
DA:67,29
DA:80,3
DA:90,3
LF:22
LH:22
BRDA:10,0,0,21
BRDA:13,1,0,31
BRDA:16,2,0,5
BRDA:16,2,1,41
BRDA:20,3,0,3
BRDA:20,3,1,0
BRDA:24,4,0,2
BRDA:24,4,1,0
BRDA:28,5,0,2
BRDA:28,5,1,0
BRDA:28,6,0,2
BRDA:28,6,1,1
BRDA:30,7,0,2
BRDA:30,7,1,0
BRDA:35,8,0,1
BRDA:35,8,1,0
BRDA:35,9,0,1
BRDA:35,9,1,0
BRDA:37,10,0,1
BRDA:37,10,1,0
BRDA:41,11,0,12
BRDA:41,11,1,34
BRDA:44,12,0,12
BRDA:44,12,1,2
BRDA:49,13,0,5
BRDA:49,13,1,29
BRDA:52,14,0,5
BRDA:52,14,1,5
BRDA:75,15,0,29
BRDA:75,15,1,24
BRF:30
BRH:23
end_of_record
TN:
SF:src\components\actions\ActionList.jsx
FN:8,(anonymous_0)
FN:19,(anonymous_1)
FN:24,(anonymous_2)
FNF:3
FNH:3
FNDA:7,(anonymous_0)
FNDA:21,(anonymous_1)
FNDA:1,(anonymous_2)
DA:8,1
DA:17,7
DA:20,21
DA:24,1
DA:40,1
LF:5
LH:5
BRF:0
BRH:0
end_of_record
TN:
SF:src\components\actions\LeaveButton.jsx
FN:7,(anonymous_0)
FNF:1
FNH:1
FNDA:16,(anonymous_0)
DA:7,2
DA:13,16
DA:14,2
DA:17,14
DA:18,14
DA:20,14
DA:33,2
LF:7
LH:7
BRDA:9,0,0,8
BRDA:11,1,0,15
BRDA:13,2,0,2
BRDA:13,2,1,14
BRDA:18,3,0,4
BRDA:18,3,1,10
BRF:6
BRH:6
end_of_record
TN:
SF:src\components\error\GameErrorBoundary.jsx
FN:8,(anonymous_0)
FN:13,(anonymous_1)
FN:17,(anonymous_2)
FN:25,(anonymous_3)
FN:31,(anonymous_4)
FNF:5
FNH:0
FNDA:0,(anonymous_0)
FNDA:0,(anonymous_1)
FNDA:0,(anonymous_2)
FNDA:0,(anonymous_3)
FNDA:0,(anonymous_4)
DA:9,0
DA:10,0
DA:14,0
DA:18,0
DA:19,0
DA:25,0
DA:26,0
DA:28,0
DA:32,0
DA:33,0
DA:52,0
DA:56,0
LF:12
LH:0
BRDA:32,0,0,0
BRDA:32,0,1,0
BRDA:40,1,0,0
BRDA:40,1,1,0
BRDA:43,2,0,0
BRDA:43,2,1,0
BRF:6
BRH:0
end_of_record
TN:
SF:src\components\error\RoomErrorBoundary.jsx
FN:8,(anonymous_0)
FN:13,(anonymous_1)
FN:17,(anonymous_2)
FN:22,(anonymous_3)
FN:26,(anonymous_4)
FNF:5
FNH:0
FNDA:0,(anonymous_0)
FNDA:0,(anonymous_1)
FNDA:0,(anonymous_2)
FNDA:0,(anonymous_3)
FNDA:0,(anonymous_4)
DA:9,0
DA:10,0
DA:14,0
DA:18,0
DA:19,0
DA:22,0
DA:23,0
DA:27,0
DA:28,0
DA:45,0
DA:49,0
LF:11
LH:0
BRDA:27,0,0,0
BRDA:27,0,1,0
BRDA:35,1,0,0
BRDA:35,1,1,0
BRDA:38,2,0,0
BRDA:38,2,1,0
BRF:6
BRH:0
end_of_record
TN:
SF:src\components\movement\ExitButton.jsx
FN:6,(anonymous_0)
FN:15,(anonymous_1)
FNF:2
FNH:0
FNDA:0,(anonymous_0)
FNDA:0,(anonymous_1)
DA:6,0
DA:7,0
DA:9,0
DA:15,0
DA:22,0
LF:5
LH:0
BRDA:6,0,0,0
BRDA:7,1,0,0
BRDA:7,1,1,0
BRF:3
BRH:0
end_of_record
TN:
SF:src\components\movement\MovementGrid.jsx
FN:8,(anonymous_0)
FN:16,(anonymous_1)
FN:21,(anonymous_2)
FN:23,(anonymous_3)
FNF:4
FNH:0
FNDA:0,(anonymous_0)
FNDA:0,(anonymous_1)
FNDA:0,(anonymous_2)
FNDA:0,(anonymous_3)
DA:8,0
DA:10,0
DA:16,0
DA:18,0
DA:22,0
DA:24,0
DA:41,0
LF:7
LH:0
BRDA:8,0,0,0
BRDA:24,1,0,0
BRDA:24,1,1,0
BRF:3
BRH:0
end_of_record
TN:
SF:src\components\tasks\TaskItem.jsx
FN:7,(anonymous_0)
FNF:1
FNH:1
FNDA:17,(anonymous_0)
DA:7,2
DA:8,17
DA:9,17
DA:11,17
DA:18,2
DA:27,2
LF:6
LH:6
BRDA:7,0,0,16
BRDA:8,1,0,9
BRDA:8,1,1,8
BRF:3
BRH:3
end_of_record
TN:
SF:src\components\tasks\TaskList.jsx
FN:7,(anonymous_0)
FN:10,(anonymous_1)
FNF:2
FNH:2
FNDA:5,(anonymous_0)
FNDA:12,(anonymous_1)
DA:7,1
DA:8,5
DA:11,12
DA:21,1
LF:4
LH:4
BRDA:7,0,0,4
BRF:1
BRH:1
end_of_record
TN:
SF:src\components\viewport\GameStage.jsx
FN:8,(anonymous_0)
FNF:1
FNH:0
FNDA:0,(anonymous_0)
DA:8,0
DA:14,0
DA:15,0
DA:17,0
DA:33,0
LF:5
LH:0
BRDA:12,0,0,0
BRDA:14,1,0,0
BRDA:14,1,1,0
BRF:3
BRH:0
end_of_record
TN:
SF:src\components\viewport\InteractableList.jsx
FN:8,(anonymous_0)
FN:13,(anonymous_1)
FN:14,(anonymous_2)
FNF:3
FNH:3
FNDA:4,(anonymous_0)
FNDA:1,(anonymous_1)
FNDA:2,(anonymous_2)
DA:8,1
DA:9,4
DA:10,3
DA:13,1
DA:14,1
DA:15,2
DA:23,1
DA:26,1
DA:41,1
LF:9
LH:9
BRDA:9,0,0,3
BRDA:9,0,1,1
BRDA:9,1,0,4
BRDA:9,1,1,2
BRF:4
BRH:4
end_of_record
TN:
SF:src\components\viewport\RoomRenderer.jsx
FN:8,(anonymous_0)
FNF:1
FNH:0
FNDA:0,(anonymous_0)
DA:8,0
DA:9,0
DA:10,0
DA:13,0
DA:14,0
DA:17,0
DA:20,0
LF:7
LH:0
BRDA:9,0,0,0
BRDA:9,0,1,0
BRDA:13,1,0,0
BRDA:13,1,1,0
BRF:4
BRH:0
end_of_record
TN:
SF:src\constants\game.js
FNF:0
FNH:0
DA:2,2
DA:13,2
DA:20,2
DA:27,2
DA:33,2
LF:5
LH:5
BRF:0
BRH:0
end_of_record
TN:
SF:src\hooks\useGameActions.js
FN:7,(anonymous_0)
FN:11,(anonymous_1)
FN:19,(anonymous_2)
FN:26,(anonymous_3)
FN:48,(anonymous_4)
FNF:5
FNH:0
FNDA:0,(anonymous_0)
FNDA:0,(anonymous_1)
FNDA:0,(anonymous_2)
FNDA:0,(anonymous_3)
FNDA:0,(anonymous_4)
DA:7,1
DA:8,0
DA:11,0
DA:12,0
DA:13,0
DA:14,0
DA:15,0
DA:19,0
DA:20,0
DA:21,0
DA:22,0
DA:26,0
DA:27,0
DA:28,0
DA:29,0
DA:32,0
DA:33,0
DA:35,0
DA:36,0
DA:39,0
DA:40,0
DA:42,0
DA:48,0
DA:49,0
DA:50,0
DA:51,0
DA:52,0
DA:53,0
DA:55,0
DA:58,0
DA:62,0
LF:31
LH:1
BRDA:27,0,0,0
BRDA:27,0,1,0
BRDA:32,1,0,0
BRDA:32,1,1,0
BRDA:39,2,0,0
BRDA:39,2,1,0
BRDA:49,3,0,0
BRDA:49,3,1,0
BRF:8
BRH:0
end_of_record
TN:
SF:src\hooks\useGameProvider.js
FN:4,(anonymous_0)
FNF:1
FNH:0
FNDA:0,(anonymous_0)
DA:4,0
LF:1
LH:0
BRF:0
BRH:0
end_of_record
TN:
SF:src\hooks\useGameSounds.js
FN:11,(anonymous_0)
FN:20,(anonymous_1)
FN:24,(anonymous_2)
FN:28,(anonymous_3)
FN:32,(anonymous_4)
FN:37,(anonymous_5)
FN:43,(anonymous_6)
FNF:7
FNH:0
FNDA:0,(anonymous_0)
FNDA:0,(anonymous_1)
FNDA:0,(anonymous_2)
FNDA:0,(anonymous_3)
FNDA:0,(anonymous_4)
FNDA:0,(anonymous_5)
FNDA:0,(anonymous_6)
DA:11,1
DA:12,0
DA:14,0
DA:15,0
DA:16,0
DA:17,0
DA:18,0
DA:20,0
DA:21,0
DA:24,0
DA:25,0
DA:28,0
DA:29,0
DA:32,0
DA:33,0
DA:34,0
DA:37,0
DA:38,0
DA:40,0
DA:43,0
DA:44,0
DA:45,0
DA:48,0
LF:23
LH:1
BRF:0
BRH:0
end_of_record
TN:
SF:src\hooks\useGameState.js
FN:6,(anonymous_0)
FN:11,(anonymous_1)
FN:21,(anonymous_2)
FN:24,(anonymous_3)
FN:25,(anonymous_4)
FN:29,(anonymous_5)
FN:35,(anonymous_6)
FN:46,(anonymous_7)
FN:51,(anonymous_8)
FNF:9
FNH:0
FNDA:0,(anonymous_0)
FNDA:0,(anonymous_1)
FNDA:0,(anonymous_2)
FNDA:0,(anonymous_3)
FNDA:0,(anonymous_4)
FNDA:0,(anonymous_5)
FNDA:0,(anonymous_6)
FNDA:0,(anonymous_7)
FNDA:0,(anonymous_8)
DA:6,1
DA:7,0
DA:8,0
DA:11,0
DA:12,0
DA:13,0
DA:14,0
DA:15,0
DA:16,0
DA:21,0
DA:24,0
DA:25,0
DA:29,0
DA:30,0
DA:35,0
DA:36,0
DA:37,0
DA:38,0
DA:39,0
DA:40,0
DA:42,0
DA:46,0
DA:47,0
DA:51,0
DA:52,0
DA:55,0
LF:26
LH:1
BRDA:13,0,0,0
BRDA:13,0,1,0
BRDA:37,1,0,0
BRDA:37,1,1,0
BRDA:52,2,0,0
BRDA:52,2,1,0
BRF:6
BRH:0
end_of_record
TN:
SF:src\utils\errorHandling.js
FN:12,(anonymous_0)
FN:28,(anonymous_1)
FN:30,(anonymous_2)
FN:42,(anonymous_3)
FN:46,(anonymous_4)
FN:54,(anonymous_5)
FN:58,(anonymous_6)
FN:66,(anonymous_7)
FN:80,(anonymous_8)
FNF:9
FNH:9
FNDA:4,(anonymous_0)
FNDA:5,(anonymous_1)
FNDA:10,(anonymous_2)
FNDA:4,(anonymous_3)
FNDA:7,(anonymous_4)
FNDA:4,(anonymous_5)
FNDA:9,(anonymous_6)
FNDA:1,(anonymous_7)
FNDA:2,(anonymous_8)
DA:12,1
DA:13,4
DA:14,4
DA:16,3
DA:17,3
DA:28,1
DA:29,5
DA:30,10
DA:32,0
DA:33,0
DA:42,1
DA:43,4
DA:45,2
DA:46,7
DA:54,1
DA:55,4
DA:57,2
DA:58,9
DA:66,1
DA:80,2
LF:20
LH:18
BRDA:12,0,0,1
BRDA:12,1,0,1
BRDA:28,2,0,4
BRDA:30,3,0,5
BRDA:30,3,1,4
BRDA:43,4,0,2
BRDA:43,4,1,2
BRDA:55,5,0,2
BRDA:55,5,1,2
BRDA:81,6,0,2
BRDA:81,6,1,1
BRF:11
BRH:11
end_of_record
TN:
SF:src\utils\text.js
FN:11,(anonymous_0)
FN:12,(anonymous_1)
FN:24,(anonymous_2)
FNF:3
FNH:3
FNDA:8,(anonymous_0)
FNDA:8,(anonymous_1)
FNDA:6,(anonymous_2)
DA:11,2
DA:12,8
DA:13,8
DA:24,2
DA:25,6
DA:26,6
DA:27,3
DA:28,3
DA:30,3
LF:9
LH:9
BRDA:13,0,0,4
BRDA:13,0,1,4
BRDA:24,1,0,4
BRDA:26,2,0,3
BRDA:26,2,1,3
BRF:5
BRH:5
end_of_record
TN:
SF:src\utils\validation.js
FN:6,(anonymous_0)
FN:11,(anonymous_1)
FN:16,(anonymous_2)
FN:21,(anonymous_3)
FN:26,(anonymous_4)
FN:31,(anonymous_5)
FN:42,(anonymous_6)
FN:77,(anonymous_7)
FN:86,(anonymous_8)
FN:97,(anonymous_9)
FN:117,(anonymous_10)
FN:125,(anonymous_11)
FN:136,(anonymous_12)
FN:174,(anonymous_13)
FN:197,(anonymous_14)
FN:212,(anonymous_15)
FN:229,(anonymous_16)
FN:237,(anonymous_17)
FN:248,(anonymous_18)
FN:256,(anonymous_19)
FN:277,(anonymous_20)
FN:331,(anonymous_21)
FN:337,(anonymous_22)
FNF:23
FNH:17
FNDA:130,(anonymous_0)
FNDA:188,(anonymous_1)
FNDA:136,(anonymous_2)
FNDA:0,(anonymous_3)
FNDA:0,(anonymous_4)
FNDA:10,(anonymous_5)
FNDA:27,(anonymous_6)
FNDA:9,(anonymous_7)
FNDA:9,(anonymous_8)
FNDA:9,(anonymous_9)
FNDA:9,(anonymous_10)
FNDA:9,(anonymous_11)
FNDA:0,(anonymous_12)
FNDA:9,(anonymous_13)
FNDA:9,(anonymous_14)
FNDA:0,(anonymous_15)
FNDA:9,(anonymous_16)
FNDA:9,(anonymous_17)
FNDA:9,(anonymous_18)
FNDA:9,(anonymous_19)
FNDA:11,(anonymous_20)
FNDA:0,(anonymous_21)
FNDA:0,(anonymous_22)
DA:6,130
DA:11,188
DA:16,136
DA:21,1
DA:26,1
DA:31,1
DA:32,10
DA:34,10
DA:35,0
DA:36,0
DA:39,10
DA:40,1
DA:42,9
DA:43,27
DA:44,0
DA:49,10
DA:50,1
DA:53,10
DA:54,1
DA:58,10
DA:59,10
DA:60,0
DA:62,10
DA:63,1
DA:65,10
DA:66,0
DA:71,10
DA:77,1
DA:78,9
DA:80,9
DA:81,0
DA:82,0
DA:86,9
DA:87,9
DA:88,0
DA:89,0
DA:93,9
DA:94,9
DA:95,0
DA:97,9
DA:98,9
DA:99,0
DA:106,9
DA:107,0
DA:111,9
DA:117,1
DA:118,9
DA:120,9
DA:121,0
DA:122,0
DA:125,9
DA:126,9
DA:127,9
DA:130,9
DA:136,1
DA:137,0
DA:139,0
DA:140,0
DA:141,0
DA:144,0
DA:145,0
DA:148,0
DA:149,0
DA:152,0
DA:153,0
DA:156,0
DA:157,0
DA:160,0
DA:161,0
DA:164,0
DA:165,0
DA:168,0
DA:174,1
DA:175,9
DA:177,9
DA:178,0
DA:179,0
DA:182,9
DA:183,0
DA:186,9
DA:187,0
DA:190,9
DA:191,0
DA:194,9
DA:195,0
DA:197,9
DA:198,9
DA:199,0
DA:204,9
DA:205,0
DA:208,9
DA:209,9
DA:210,0
DA:212,9
DA:213,0
DA:214,0
DA:219,9
DA:220,0
DA:223,9
DA:229,1
DA:230,9
DA:232,9
DA:233,0
DA:234,0
DA:237,9
DA:238,9
DA:239,9
DA:242,9
DA:248,1
DA:249,9
DA:251,9
DA:252,0
DA:253,0
DA:256,9
DA:257,9
DA:258,0
DA:259,0
DA:262,9
DA:263,0
DA:266,9
DA:267,0
DA:271,9
DA:277,1
DA:278,11
DA:280,11
DA:281,0
DA:282,0
DA:286,11
DA:287,1
DA:289,10
DA:290,10
DA:294,11
DA:295,1
DA:297,10
DA:300,10
DA:301,1
DA:303,9
DA:304,9
DA:308,10
DA:309,1
DA:311,9
DA:312,9
DA:316,10
DA:317,1
DA:319,9
DA:320,9
DA:324,11
DA:331,1
DA:332,0
DA:334,0
DA:335,0
DA:336,0
DA:337,0
DA:338,0
DA:339,0
DA:342,0
DA:343,0
LF:157
LH:95
BRDA:16,0,0,136
BRDA:16,0,1,132
BRDA:16,0,2,132
BRDA:34,1,0,0
BRDA:34,1,1,10
BRDA:39,2,0,1
BRDA:39,2,1,9
BRDA:43,3,0,0
BRDA:43,3,1,27
BRDA:49,4,0,1
BRDA:49,4,1,9
BRDA:53,5,0,1
BRDA:53,5,1,9
BRDA:58,6,0,10
BRDA:58,6,1,0
BRDA:59,7,0,0
BRDA:59,7,1,10
BRDA:62,8,0,1
BRDA:62,8,1,9
BRDA:62,9,0,10
BRDA:62,9,1,10
BRDA:65,10,0,0
BRDA:65,10,1,10
BRDA:65,11,0,10
BRDA:65,11,1,10
BRDA:80,12,0,0
BRDA:80,12,1,9
BRDA:87,13,0,0
BRDA:87,13,1,9
BRDA:93,14,0,9
BRDA:93,14,1,0
BRDA:94,15,0,0
BRDA:94,15,1,9
BRDA:98,16,0,0
BRDA:98,16,1,9
BRDA:106,17,0,0
BRDA:106,17,1,9
BRDA:106,18,0,9
BRDA:106,18,1,0
BRDA:120,19,0,0
BRDA:120,19,1,9
BRDA:139,20,0,0
BRDA:139,20,1,0
BRDA:144,21,0,0
BRDA:144,21,1,0
BRDA:148,22,0,0
BRDA:148,22,1,0
BRDA:152,23,0,0
BRDA:152,23,1,0
BRDA:156,24,0,0
BRDA:156,24,1,0
BRDA:160,25,0,0
BRDA:160,25,1,0
BRDA:164,26,0,0
BRDA:164,26,1,0
BRDA:177,27,0,0
BRDA:177,27,1,9
BRDA:182,28,0,0
BRDA:182,28,1,9
BRDA:186,29,0,0
BRDA:186,29,1,9
BRDA:190,30,0,0
BRDA:190,30,1,9
BRDA:194,31,0,0
BRDA:194,31,1,9
BRDA:198,32,0,0
BRDA:198,32,1,9
BRDA:204,33,0,0
BRDA:204,33,1,9
BRDA:204,34,0,9
BRDA:204,34,1,9
BRDA:208,35,0,9
BRDA:208,35,1,0
BRDA:209,36,0,0
BRDA:209,36,1,9
BRDA:219,37,0,0
BRDA:219,37,1,9
BRDA:219,38,0,9
BRDA:219,38,1,0
BRDA:232,39,0,0
BRDA:232,39,1,9
BRDA:251,40,0,0
BRDA:251,40,1,9
BRDA:257,41,0,0
BRDA:257,41,1,9
BRDA:262,42,0,0
BRDA:262,42,1,9
BRDA:266,43,0,0
BRDA:266,43,1,9
BRDA:280,44,0,0
BRDA:280,44,1,11
BRDA:286,45,0,1
BRDA:286,45,1,10
BRDA:294,46,0,1
BRDA:294,46,1,10
BRDA:300,47,0,1
BRDA:300,47,1,9
BRDA:308,48,0,1
BRDA:308,48,1,9
BRDA:316,49,0,1
BRDA:316,49,1,9
BRDA:334,50,0,0
BRDA:334,50,1,0
BRF:103
BRH:57
end_of_record
